Using pre-set license
Built from '2022.3/staging' branch; Version is '2022.3.14f1 (eff2de9070d8) revision 15725278'; Using compiler version '192829333'; Build Type 'Release'
OS: 'Windows 10  (10.0.19045) 64bit Enterprise' Language: 'en' Physical Memory: 8001 MB
BatchMode: 1, IsHumanControllingUs: 0, StartBugReporterOnCrash: 0, Is64bit: 1, IsPro: 1

COMMAND LINE ARGUMENTS:
C:\Program Files\Unity\Hub\Editor\2022.3.14f1\Editor\Unity.exe
-adb2
-batchMode
-noUpm
-name
AssetImportWorker3
-projectPath
C:/Users/Dell/Downloads/047Argon-main/047Argon-main/047Argon
-logFile
Logs/AssetImportWorker3.log
-srvPort
64276
Successfully changed project path to: C:/Users/Dell/Downloads/047Argon-main/047Argon-main/047Argon
C:/Users/Dell/Downloads/047Argon-main/047Argon-main/047Argon
[UnityMemory] Configuration Parameters - Can be set up in boot.config
    "memorysetup-bucket-allocator-granularity=16"
    "memorysetup-bucket-allocator-bucket-count=8"
    "memorysetup-bucket-allocator-block-size=33554432"
    "memorysetup-bucket-allocator-block-count=8"
    "memorysetup-main-allocator-block-size=16777216"
    "memorysetup-thread-allocator-block-size=16777216"
    "memorysetup-gfx-main-allocator-block-size=16777216"
    "memorysetup-gfx-thread-allocator-block-size=16777216"
    "memorysetup-cache-allocator-block-size=4194304"
    "memorysetup-typetree-allocator-block-size=2097152"
    "memorysetup-profiler-bucket-allocator-granularity=16"
    "memorysetup-profiler-bucket-allocator-bucket-count=8"
    "memorysetup-profiler-bucket-allocator-block-size=33554432"
    "memorysetup-profiler-bucket-allocator-block-count=8"
    "memorysetup-profiler-allocator-block-size=16777216"
    "memorysetup-profiler-editor-allocator-block-size=1048576"
    "memorysetup-temp-allocator-size-main=16777216"
    "memorysetup-job-temp-allocator-block-size=2097152"
    "memorysetup-job-temp-allocator-block-size-background=1048576"
    "memorysetup-job-temp-allocator-reduction-small-platforms=262144"
    "memorysetup-allocator-temp-initial-block-size-main=262144"
    "memorysetup-allocator-temp-initial-block-size-worker=262144"
    "memorysetup-temp-allocator-size-background-worker=32768"
    "memorysetup-temp-allocator-size-job-worker=262144"
    "memorysetup-temp-allocator-size-preload-manager=33554432"
    "memorysetup-temp-allocator-size-nav-mesh-worker=65536"
    "memorysetup-temp-allocator-size-audio-worker=65536"
    "memorysetup-temp-allocator-size-cloud-worker=32768"
    "memorysetup-temp-allocator-size-gi-baking-worker=262144"
    "memorysetup-temp-allocator-size-gfx=262144"
Player connection [14216] Host "[IP] 10.202.36.94 [Port] 0 [Flags] 2 [Guid] 1689934706 [EditorId] 1689934706 [Version] 1048832 [Id] WindowsEditor(7,Lab1201-F04) [Debug] 1 [PackageName] WindowsEditor [ProjectName] Editor" joined multi-casting on [225.0.0.222:54997]...

Player connection [14216] Host "[IP] 10.202.36.94 [Port] 0 [Flags] 2 [Guid] 1689934706 [EditorId] 1689934706 [Version] 1048832 [Id] WindowsEditor(7,Lab1201-F04) [Debug] 1 [PackageName] WindowsEditor [ProjectName] Editor" joined alternative multi-casting on [225.0.0.222:34997]...

[Physics::Module] Initialized MultithreadedJobDispatcher with 7 workers.
Refreshing native plugins compatible for Editor in 25.68 ms, found 2 plugins.
Preloading 0 native plugins for Editor in 0.00 ms.
Initialize engine version: 2022.3.14f1 (eff2de9070d8)
[Subsystems] Discovering subsystems at path C:/Program Files/Unity/Hub/Editor/2022.3.14f1/Editor/Data/Resources/UnitySubsystems
[Subsystems] Discovering subsystems at path C:/Users/Dell/Downloads/047Argon-main/047Argon-main/047Argon/Assets
GfxDevice: creating device client; threaded=0; jobified=0
Direct3D:
    Version:  Direct3D 11.0 [level 11.1]
    Renderer: Intel(R) UHD Graphics 630 (ID=0x3e98)
    Vendor:   Intel
    VRAM:     4000 MB
    Driver:   30.0.100.9864
Initialize mono
Mono path[0] = 'C:/Program Files/Unity/Hub/Editor/2022.3.14f1/Editor/Data/Managed'
Mono path[1] = 'C:/Program Files/Unity/Hub/Editor/2022.3.14f1/Editor/Data/MonoBleedingEdge/lib/mono/unityjit-win32'
Mono config path = 'C:/Program Files/Unity/Hub/Editor/2022.3.14f1/Editor/Data/MonoBleedingEdge/etc'
Using monoOptions --debugger-agent=transport=dt_socket,embedding=1,server=y,suspend=n,address=127.0.0.1:56136
Begin MonoManager ReloadAssembly
Registering precompiled unity dll's ...
Register platform support module: C:/Program Files/Unity/Hub/Editor/2022.3.14f1/Editor/Data/PlaybackEngines/WebGLSupport/UnityEditor.WebGL.Extensions.dll
Register platform support module: C:/Program Files/Unity/Hub/Editor/2022.3.14f1/Editor/Data/PlaybackEngines/WindowsStandaloneSupport/UnityEditor.WindowsStandalone.Extensions.dll
Registered in 0.012418 seconds.
- Loaded All Assemblies, in  0.383 seconds
Native extension for WindowsStandalone target not found
Native extension for WebGL target not found
Mono: successfully reloaded assembly
- Finished resetting the current domain, in  0.223 seconds
Domain Reload Profiling: 604ms
	BeginReloadAssembly (146ms)
		ExecutionOrderSort (0ms)
		DisableScriptedObjects (0ms)
		BackupInstance (0ms)
		ReleaseScriptingObjects (0ms)
		CreateAndSetChildDomain (1ms)
	RebuildCommonClasses (30ms)
	RebuildNativeTypeToScriptingClass (10ms)
	initialDomainReloadingComplete (65ms)
	LoadAllAssembliesAndSetupDomain (130ms)
		LoadAssemblies (143ms)
		RebuildTransferFunctionScriptingTraits (0ms)
		AnalyzeDomain (128ms)
			TypeCache.Refresh (126ms)
				TypeCache.ScanAssembly (112ms)
			ScanForSourceGeneratedMonoScriptInfo (0ms)
			ResolveRequiredComponents (1ms)
	FinalizeReload (223ms)
		ReleaseScriptCaches (0ms)
		RebuildScriptCaches (0ms)
		SetupLoadedEditorAssemblies (171ms)
			LogAssemblyErrors (0ms)
			InitializePlatformSupportModulesInManaged (9ms)
			SetLoadedEditorAssemblies (5ms)
			RefreshPlugins (0ms)
			BeforeProcessingInitializeOnLoad (2ms)
			ProcessInitializeOnLoadAttributes (114ms)
			ProcessInitializeOnLoadMethodAttributes (42ms)
			AfterProcessingInitializeOnLoad (0ms)
			EditorAssembliesLoaded (0ms)
		ExecutionOrderSort2 (0ms)
		AwakeInstancesAfterBackupRestoration (0ms)
========================================================================
Worker process is ready to serve import requests
Begin MonoManager ReloadAssembly
- Loaded All Assemblies, in  0.733 seconds
Refreshing native plugins compatible for Editor in 9.36 ms, found 2 plugins.
Native extension for WindowsStandalone target not found
Native extension for WebGL target not found
Package Manager log level set to [2]
[Package Manager] Server::EnsureServerProcessIsRunning -- launch failed, reason: Unity was launched with the -noUpm command-line argument
[Package Manager] UpmClient::Send -- Unable to send message (not connected to UPM process).
[Package Manager] Cannot connect to Unity Package Manager local server
Mono: successfully reloaded assembly
- Finished resetting the current domain, in  0.598 seconds
Domain Reload Profiling: 1327ms
	BeginReloadAssembly (133ms)
		ExecutionOrderSort (0ms)
		DisableScriptedObjects (5ms)
		BackupInstance (0ms)
		ReleaseScriptingObjects (0ms)
		CreateAndSetChildDomain (17ms)
	RebuildCommonClasses (29ms)
	RebuildNativeTypeToScriptingClass (10ms)
	initialDomainReloadingComplete (39ms)
	LoadAllAssembliesAndSetupDomain (517ms)
		LoadAssemblies (489ms)
		RebuildTransferFunctionScriptingTraits (0ms)
		AnalyzeDomain (108ms)
			TypeCache.Refresh (87ms)
				TypeCache.ScanAssembly (73ms)
			ScanForSourceGeneratedMonoScriptInfo (16ms)
			ResolveRequiredComponents (3ms)
	FinalizeReload (599ms)
		ReleaseScriptCaches (0ms)
		RebuildScriptCaches (0ms)
		SetupLoadedEditorAssemblies (466ms)
			LogAssemblyErrors (0ms)
			InitializePlatformSupportModulesInManaged (8ms)
			SetLoadedEditorAssemblies (4ms)
			RefreshPlugins (0ms)
			BeforeProcessingInitializeOnLoad (58ms)
			ProcessInitializeOnLoadAttributes (253ms)
			ProcessInitializeOnLoadMethodAttributes (136ms)
			AfterProcessingInitializeOnLoad (8ms)
			EditorAssembliesLoaded (0ms)
		ExecutionOrderSort2 (0ms)
		AwakeInstancesAfterBackupRestoration (5ms)
Launched and connected shader compiler UnityShaderCompiler.exe after 0.06 seconds
Refreshing native plugins compatible for Editor in 9.46 ms, found 2 plugins.
Preloading 0 native plugins for Editor in 0.00 ms.
Unloading 2564 Unused Serialized files (Serialized files now loaded: 0)
Unloading 61 unused Assets / (68.7 KB). Loaded Objects now: 3012.
Memory consumption went from 110.0 MB to 110.0 MB.
Total: 5.472400 ms (FindLiveObjects: 0.192400 ms CreateObjectMapping: 0.119500 ms MarkObjects: 5.066600 ms  DeleteObjects: 0.093500 ms)

AssetImportParameters requested are different than current active one (requested -> active):
  custom:video-decoder-webm-vp8: 9c59270c3fd7afecdb556c50c9e8de78 -> 
  custom:SearchIndexIgnoredProperties: e643bd26f0fe6173181afceb89e7c659 -> 
  custom:container-demuxer-ogg: 62fdf1f143b41e24485cea50d1cbac27 -> 
  custom:AudioImporter_EditorPlatform: d09bf68614088b80899f8185d706f6e7 -> 
  custom:video-decoder-ogg-theora: a1e56fd34408186e4bbccfd4996cb3dc -> 
  custom:framework-win-MediaFoundation: 216162199b28c13a410421893ffa2e32 -> 
  custom:video-encoder-webm-vp8: eb34c28f22e8b96e1ab97ce403110664 -> 
  custom:audio-decoder-ogg-vorbis: bf7c407c2cedff20999df2af8eb42d56 -> 
  custom:CustomObjectIndexerAttribute: 756ad292c208cfabdd7b50bc23989ffe -> 
  custom:container-demuxer-webm: 4f35f7cbe854078d1ac9338744f61a02 -> 
  custom:audio-encoder-webm-vorbis: bf7c407c2cedff20999df2af8eb42d56 -> 
  custom:container-muxer-webm: aa71ff27fc2769a1b78a27578f13a17b -> 
========================================================================
Received Prepare
Begin MonoManager ReloadAssembly
- Loaded All Assemblies, in  0.541 seconds
Refreshing native plugins compatible for Editor in 11.24 ms, found 2 plugins.
Native extension for WindowsStandalone target not found
Native extension for WebGL target not found
[Package Manager] Server::EnsureServerProcessIsRunning -- launch failed, reason: Unity was launched with the -noUpm command-line argument
[Package Manager] UpmClient::Send -- Unable to send message (not connected to UPM process).
[Package Manager] Cannot connect to Unity Package Manager local server
Mono: successfully reloaded assembly
- Finished resetting the current domain, in  1.169 seconds
Domain Reload Profiling: 1704ms
	BeginReloadAssembly (180ms)
		ExecutionOrderSort (0ms)
		DisableScriptedObjects (6ms)
		BackupInstance (0ms)
		ReleaseScriptingObjects (0ms)
		CreateAndSetChildDomain (32ms)
	RebuildCommonClasses (35ms)
	RebuildNativeTypeToScriptingClass (13ms)
	initialDomainReloadingComplete (35ms)
	LoadAllAssembliesAndSetupDomain (272ms)
		LoadAssemblies (368ms)
		RebuildTransferFunctionScriptingTraits (0ms)
		AnalyzeDomain (14ms)
			TypeCache.Refresh (9ms)
				TypeCache.ScanAssembly (0ms)
			ScanForSourceGeneratedMonoScriptInfo (0ms)
			ResolveRequiredComponents (4ms)
	FinalizeReload (1170ms)
		ReleaseScriptCaches (0ms)
		RebuildScriptCaches (0ms)
		SetupLoadedEditorAssemblies (684ms)
			LogAssemblyErrors (0ms)
			InitializePlatformSupportModulesInManaged (10ms)
			SetLoadedEditorAssemblies (4ms)
			RefreshPlugins (0ms)
			BeforeProcessingInitializeOnLoad (64ms)
			ProcessInitializeOnLoadAttributes (298ms)
			ProcessInitializeOnLoadMethodAttributes (291ms)
			AfterProcessingInitializeOnLoad (16ms)
			EditorAssembliesLoaded (1ms)
		ExecutionOrderSort2 (0ms)
		AwakeInstancesAfterBackupRestoration (13ms)
Refreshing native plugins compatible for Editor in 20.44 ms, found 2 plugins.
Preloading 0 native plugins for Editor in 0.00 ms.
Unloading 2558 Unused Serialized files (Serialized files now loaded: 0)
Unloading 50 unused Assets / (42.9 KB). Loaded Objects now: 3015.
Memory consumption went from 111.0 MB to 111.0 MB.
Total: 20.279300 ms (FindLiveObjects: 0.609300 ms CreateObjectMapping: 0.738900 ms MarkObjects: 18.730400 ms  DeleteObjects: 0.199200 ms)

Prepare: number of updated asset objects reloaded= 0
AssetImportParameters requested are different than current active one (requested -> active):
  custom:video-decoder-webm-vp8: 9c59270c3fd7afecdb556c50c9e8de78 -> 
  custom:SearchIndexIgnoredProperties: e643bd26f0fe6173181afceb89e7c659 -> 
  custom:container-demuxer-ogg: 62fdf1f143b41e24485cea50d1cbac27 -> 
  custom:AudioImporter_EditorPlatform: d09bf68614088b80899f8185d706f6e7 -> 
  custom:video-decoder-ogg-theora: a1e56fd34408186e4bbccfd4996cb3dc -> 
  custom:framework-win-MediaFoundation: 216162199b28c13a410421893ffa2e32 -> 
  custom:video-encoder-webm-vp8: eb34c28f22e8b96e1ab97ce403110664 -> 
  custom:audio-decoder-ogg-vorbis: bf7c407c2cedff20999df2af8eb42d56 -> 
  custom:CustomObjectIndexerAttribute: 756ad292c208cfabdd7b50bc23989ffe -> 
  custom:container-demuxer-webm: 4f35f7cbe854078d1ac9338744f61a02 -> 
  custom:audio-encoder-webm-vorbis: bf7c407c2cedff20999df2af8eb42d56 -> 
  custom:container-muxer-webm: aa71ff27fc2769a1b78a27578f13a17b -> 
========================================================================
Received Prepare
Begin MonoManager ReloadAssembly
- Loaded All Assemblies, in  0.525 seconds
Refreshing native plugins compatible for Editor in 12.81 ms, found 2 plugins.
Native extension for WindowsStandalone target not found
Native extension for WebGL target not found
[Package Manager] Server::EnsureServerProcessIsRunning -- launch failed, reason: Unity was launched with the -noUpm command-line argument
[Package Manager] UpmClient::Send -- Unable to send message (not connected to UPM process).
[Package Manager] Cannot connect to Unity Package Manager local server
Mono: successfully reloaded assembly
- Finished resetting the current domain, in  1.116 seconds
Domain Reload Profiling: 1634ms
	BeginReloadAssembly (168ms)
		ExecutionOrderSort (0ms)
		DisableScriptedObjects (6ms)
		BackupInstance (0ms)
		ReleaseScriptingObjects (0ms)
		CreateAndSetChildDomain (31ms)
	RebuildCommonClasses (31ms)
	RebuildNativeTypeToScriptingClass (12ms)
	initialDomainReloadingComplete (42ms)
	LoadAllAssembliesAndSetupDomain (264ms)
		LoadAssemblies (350ms)
		RebuildTransferFunctionScriptingTraits (0ms)
		AnalyzeDomain (11ms)
			TypeCache.Refresh (6ms)
				TypeCache.ScanAssembly (0ms)
			ScanForSourceGeneratedMonoScriptInfo (0ms)
			ResolveRequiredComponents (3ms)
	FinalizeReload (1117ms)
		ReleaseScriptCaches (0ms)
		RebuildScriptCaches (0ms)
		SetupLoadedEditorAssemblies (633ms)
			LogAssemblyErrors (0ms)
			InitializePlatformSupportModulesInManaged (7ms)
			SetLoadedEditorAssemblies (4ms)
			RefreshPlugins (0ms)
			BeforeProcessingInitializeOnLoad (63ms)
			ProcessInitializeOnLoadAttributes (292ms)
			ProcessInitializeOnLoadMethodAttributes (252ms)
			AfterProcessingInitializeOnLoad (14ms)
			EditorAssembliesLoaded (1ms)
		ExecutionOrderSort2 (0ms)
		AwakeInstancesAfterBackupRestoration (11ms)
Refreshing native plugins compatible for Editor in 18.38 ms, found 2 plugins.
Preloading 0 native plugins for Editor in 0.00 ms.
Unloading 2558 Unused Serialized files (Serialized files now loaded: 0)
Unloading 50 unused Assets / (42.9 KB). Loaded Objects now: 3018.
Memory consumption went from 113.0 MB to 112.9 MB.
Total: 10.080800 ms (FindLiveObjects: 0.592600 ms CreateObjectMapping: 0.312500 ms MarkObjects: 9.083200 ms  DeleteObjects: 0.091600 ms)

Prepare: number of updated asset objects reloaded= 0
AssetImportParameters requested are different than current active one (requested -> active):
  custom:video-decoder-webm-vp8: 9c59270c3fd7afecdb556c50c9e8de78 -> 
  custom:SearchIndexIgnoredProperties: e643bd26f0fe6173181afceb89e7c659 -> 
  custom:container-demuxer-ogg: 62fdf1f143b41e24485cea50d1cbac27 -> 
  custom:AudioImporter_EditorPlatform: d09bf68614088b80899f8185d706f6e7 -> 
  custom:video-decoder-ogg-theora: a1e56fd34408186e4bbccfd4996cb3dc -> 
  custom:framework-win-MediaFoundation: 216162199b28c13a410421893ffa2e32 -> 
  custom:video-encoder-webm-vp8: eb34c28f22e8b96e1ab97ce403110664 -> 
  custom:audio-decoder-ogg-vorbis: bf7c407c2cedff20999df2af8eb42d56 -> 
  custom:CustomObjectIndexerAttribute: 756ad292c208cfabdd7b50bc23989ffe -> 
  custom:container-demuxer-webm: 4f35f7cbe854078d1ac9338744f61a02 -> 
  custom:audio-encoder-webm-vorbis: bf7c407c2cedff20999df2af8eb42d56 -> 
  custom:container-muxer-webm: aa71ff27fc2769a1b78a27578f13a17b -> 
========================================================================
Received Import Request.
  Time since last request: 1390668.433716 seconds.
  path: Assets/_TerrainAutoUpgrade/layer_alienSkinEmialienSkinNor15bb9a578d6e6ff0.terrainlayer
  artifactKey: Guid(e2026d7cf789f32409ff9ce82eb83785) Importer(815301076,1909f56bfc062723c751e8b465ee728b)
Start importing Assets/_TerrainAutoUpgrade/layer_alienSkinEmialienSkinNor15bb9a578d6e6ff0.terrainlayer using Guid(e2026d7cf789f32409ff9ce82eb83785) Importer(815301076,1909f56bfc062723c751e8b465ee728b)  -> (artifact id: 'f77c15dd5b0f3fa11142c6b023dce0f0') in 0.068583 seconds
Number of updated asset objects reloaded before import = 0
Number of asset objects unloaded after import = 4
========================================================================
Received Import Request.
  Time since last request: 0.247367 seconds.
  path: Assets/_TerrainAutoUpgrade/layer_rock5rock4norm2312cdf1c675cb011.terrainlayer
  artifactKey: Guid(16c07ee57db14774a9b54ed497efec5c) Importer(815301076,1909f56bfc062723c751e8b465ee728b)
Start importing Assets/_TerrainAutoUpgrade/layer_rock5rock4norm2312cdf1c675cb011.terrainlayer using Guid(16c07ee57db14774a9b54ed497efec5c) Importer(815301076,1909f56bfc062723c751e8b465ee728b)  -> (artifact id: 'cece4deec5fd954910426b88268c8e3b') in 0.058943 seconds
Number of updated asset objects reloaded before import = 0
Number of asset objects unloaded after import = 4
========================================================================
Received Import Request.
  Time since last request: 0.000195 seconds.
  path: Assets/_TerrainAutoUpgrade/layer_rock1rock1Norm5b25efb88baf2fbe.terrainlayer
  artifactKey: Guid(3fb3fc63580400047ae8e1f7edc5573f) Importer(815301076,1909f56bfc062723c751e8b465ee728b)
Start importing Assets/_TerrainAutoUpgrade/layer_rock1rock1Norm5b25efb88baf2fbe.terrainlayer using Guid(3fb3fc63580400047ae8e1f7edc5573f) Importer(815301076,1909f56bfc062723c751e8b465ee728b)  -> (artifact id: 'eca394f0047e938702fa35bc5e6cf7c0') in 0.043776 seconds
Number of updated asset objects reloaded before import = 0
Number of asset objects unloaded after import = 4
========================================================================
Received Import Request.
  Time since last request: 1.114550 seconds.
  path: Assets/ghost-518322_640-removebg-previewTimeline.playable
  artifactKey: Guid(3fa8f2dd05e46234999ba6def5205d96) Importer(815301076,1909f56bfc062723c751e8b465ee728b)
Start importing Assets/ghost-518322_640-removebg-previewTimeline.playable using Guid(3fa8f2dd05e46234999ba6def5205d96) Importer(815301076,1909f56bfc062723c751e8b465ee728b)  -> (artifact id: '1a77d434435c129d94dbb1206fbcac6c') in 0.009738 seconds
Number of updated asset objects reloaded before import = 0
Number of asset objects unloaded after import = 3
========================================================================
Received Import Request.
  Time since last request: 45.414560 seconds.
  path: Assets/Asset Packs/epyphany/Textures/alienSkinEmi.png
  artifactKey: Guid(bc496c974ad6e7b42bdbaf62a868429a) Importer(815301076,1909f56bfc062723c751e8b465ee728b)
Start importing Assets/Asset Packs/epyphany/Textures/alienSkinEmi.png using Guid(bc496c974ad6e7b42bdbaf62a868429a) Importer(815301076,1909f56bfc062723c751e8b465ee728b)  -> (artifact id: '7969d3fe591e8c0de068dc30d8159cb1') in 0.065971 seconds
Number of updated asset objects reloaded before import = 0
Number of asset objects unloaded after import = 2
========================================================================
Received Import Request.
  Time since last request: 0.000071 seconds.
  path: Assets/Asset Packs/epyphany/Textures/brokenGlassNorm.png
  artifactKey: Guid(ea84217d18e133d44a09c189da7a972a) Importer(815301076,1909f56bfc062723c751e8b465ee728b)
Start importing Assets/Asset Packs/epyphany/Textures/brokenGlassNorm.png using Guid(ea84217d18e133d44a09c189da7a972a) Importer(815301076,1909f56bfc062723c751e8b465ee728b)  -> (artifact id: '45695f99ec90b77b80c14d3d828f63a7') in 0.040554 seconds
Number of updated asset objects reloaded before import = 0
Number of asset objects unloaded after import = 2
========================================================================
Received Import Request.
  Time since last request: 0.000035 seconds.
  path: Assets/Asset Packs/epyphany/Textures/brokenGlass.png
  artifactKey: Guid(b53f819735ba20c4e8b5420b46703e43) Importer(815301076,1909f56bfc062723c751e8b465ee728b)
Start importing Assets/Asset Packs/epyphany/Textures/brokenGlass.png using Guid(b53f819735ba20c4e8b5420b46703e43) Importer(815301076,1909f56bfc062723c751e8b465ee728b)  -> (artifact id: '85382f3e26998918b8aa722e3ade8416') in 0.047124 seconds
Number of updated asset objects reloaded before import = 0
Number of asset objects unloaded after import = 2
========================================================================
Received Import Request.
  Time since last request: 0.000083 seconds.
  path: Assets/Asset Packs/epyphany/Textures/alienSkinNor.png
  artifactKey: Guid(c486a09eebe1ae745b184c9bb8e132db) Importer(815301076,1909f56bfc062723c751e8b465ee728b)
Start importing Assets/Asset Packs/epyphany/Textures/alienSkinNor.png using Guid(c486a09eebe1ae745b184c9bb8e132db) Importer(815301076,1909f56bfc062723c751e8b465ee728b)  -> (artifact id: '0ed0a8824009ac66e687a31a0639af40') in 0.041251 seconds
Number of updated asset objects reloaded before import = 0
Number of asset objects unloaded after import = 2
========================================================================
Received Import Request.
  Time since last request: 0.000615 seconds.
  path: Assets/Asset Packs/epyphany/Textures/asphaltAO.png
  artifactKey: Guid(52ffff7599da86744a670d8e56250d4d) Importer(815301076,1909f56bfc062723c751e8b465ee728b)
Start importing Assets/Asset Packs/epyphany/Textures/asphaltAO.png using Guid(52ffff7599da86744a670d8e56250d4d) Importer(815301076,1909f56bfc062723c751e8b465ee728b)  -> (artifact id: '73906a16a5394d7a59d83377390146a9') in 0.037578 seconds
Number of updated asset objects reloaded before import = 0
Number of asset objects unloaded after import = 2
========================================================================
Received Import Request.
  Time since last request: 1.449849 seconds.
  path: Assets/Asset Packs/Unity Standard Assets/CrossPlatformInput/Sprites/ButtonAcceleratorOverSprite.png
  artifactKey: Guid(eb5f6e2757c821940b69cf1456f7865a) Importer(815301076,1909f56bfc062723c751e8b465ee728b)
Start importing Assets/Asset Packs/Unity Standard Assets/CrossPlatformInput/Sprites/ButtonAcceleratorOverSprite.png using Guid(eb5f6e2757c821940b69cf1456f7865a) Importer(815301076,1909f56bfc062723c751e8b465ee728b)  -> (artifact id: 'e35b8cb39ac05c41be4a0f6b88672061') in 0.075525 seconds
Number of updated asset objects reloaded before import = 0
Number of asset objects unloaded after import = 3
========================================================================
Received Import Request.
  Time since last request: 0.044236 seconds.
  path: Assets/Asset Packs/Unity Standard Assets/CrossPlatformInput/Sprites/ButtonArrowUpSprite.png
  artifactKey: Guid(4db017495c69e8140a56a0e2b669e3f8) Importer(815301076,1909f56bfc062723c751e8b465ee728b)
Start importing Assets/Asset Packs/Unity Standard Assets/CrossPlatformInput/Sprites/ButtonArrowUpSprite.png using Guid(4db017495c69e8140a56a0e2b669e3f8) Importer(815301076,1909f56bfc062723c751e8b465ee728b)  -> (artifact id: '3e5cc32cc6059b35a8385c3528a54beb') in 0.025946 seconds
Number of updated asset objects reloaded before import = 0
Number of asset objects unloaded after import = 3
========================================================================
Received Import Request.
  Time since last request: 0.512559 seconds.
  path: Assets/Asset Packs/Unity Standard Assets/CrossPlatformInput/Sprites/ButtonCameraCycleUpSprite.png
  artifactKey: Guid(a3983c59ebf804b4abba687bd7c9e92f) Importer(815301076,1909f56bfc062723c751e8b465ee728b)
Start importing Assets/Asset Packs/Unity Standard Assets/CrossPlatformInput/Sprites/ButtonCameraCycleUpSprite.png using Guid(a3983c59ebf804b4abba687bd7c9e92f) Importer(815301076,1909f56bfc062723c751e8b465ee728b)  -> (artifact id: 'aadd80f6ed79a9e88b8d01449df7e4e5') in 0.047166 seconds
Number of updated asset objects reloaded before import = 0
Number of asset objects unloaded after import = 3
========================================================================
Received Import Request.
  Time since last request: 0.070160 seconds.
  path: Assets/Asset Packs/Unity Standard Assets/CrossPlatformInput/Sprites/ButtonThumbstickOverSprite.png
  artifactKey: Guid(5485e2f56028a3c4cb54f5caa167377e) Importer(815301076,1909f56bfc062723c751e8b465ee728b)
Start importing Assets/Asset Packs/Unity Standard Assets/CrossPlatformInput/Sprites/ButtonThumbstickOverSprite.png using Guid(5485e2f56028a3c4cb54f5caa167377e) Importer(815301076,1909f56bfc062723c751e8b465ee728b)  -> (artifact id: 'f10d637a6491e51e41d9d62f1ec57915') in 0.024382 seconds
Number of updated asset objects reloaded before import = 0
Number of asset objects unloaded after import = 3
========================================================================
Received Import Request.
  Time since last request: 0.381742 seconds.
  path: Assets/Asset Packs/Unity Standard Assets/CrossPlatformInput/Sprites/ButtonTimescaleSlowUpSprite.png
  artifactKey: Guid(9d7c6e4896067aa4fa512a00f692ac1c) Importer(815301076,1909f56bfc062723c751e8b465ee728b)
Start importing Assets/Asset Packs/Unity Standard Assets/CrossPlatformInput/Sprites/ButtonTimescaleSlowUpSprite.png using Guid(9d7c6e4896067aa4fa512a00f692ac1c) Importer(815301076,1909f56bfc062723c751e8b465ee728b)  -> (artifact id: '01e234048b08773892744dbe8022ce74') in 0.049861 seconds
Number of updated asset objects reloaded before import = 0
Number of asset objects unloaded after import = 3
========================================================================
Received Import Request.
  Time since last request: 0.780314 seconds.
  path: Assets/Asset Packs/epyphany/Textures/dragonScalesSecondary.png
  artifactKey: Guid(a654314a3c717414ba6175608fb2ffc9) Importer(815301076,1909f56bfc062723c751e8b465ee728b)
Start importing Assets/Asset Packs/epyphany/Textures/dragonScalesSecondary.png using Guid(a654314a3c717414ba6175608fb2ffc9) Importer(815301076,1909f56bfc062723c751e8b465ee728b)  -> (artifact id: '79c0f8473f848273e96bcbb45cb9c66d') in 0.030912 seconds
Number of updated asset objects reloaded before import = 0
Number of asset objects unloaded after import = 2
========================================================================
Received Import Request.
  Time since last request: 0.038189 seconds.
  path: Assets/Asset Packs/Unity Standard Assets/Fonts/OpenSans/OpenSansRegular.ttf
  artifactKey: Guid(b51a3e520f9164da198dc59c8acfccd6) Importer(815301076,1909f56bfc062723c751e8b465ee728b)
Start importing Assets/Asset Packs/Unity Standard Assets/Fonts/OpenSans/OpenSansRegular.ttf using Guid(b51a3e520f9164da198dc59c8acfccd6) Importer(815301076,1909f56bfc062723c751e8b465ee728b)  -> (artifact id: '914be986da05b213d2f684d6db59b81b') in 0.061428 seconds
Number of updated asset objects reloaded before import = 0
Number of asset objects unloaded after import = 4
========================================================================
Received Import Request.
  Time since last request: 0.320216 seconds.
  path: Assets/Asset Packs/SkyBox Volume 2/DeepSpaceRed/frontImage.png
  artifactKey: Guid(8ded2db630cde5548a1cb01fe3ffea49) Importer(815301076,1909f56bfc062723c751e8b465ee728b)
Start importing Assets/Asset Packs/SkyBox Volume 2/DeepSpaceRed/frontImage.png using Guid(8ded2db630cde5548a1cb01fe3ffea49) Importer(815301076,1909f56bfc062723c751e8b465ee728b)  -> (artifact id: '74691d8233187ad6a62c9ee4e7a80e1f') in 0.031441 seconds
Number of updated asset objects reloaded before import = 0
Number of asset objects unloaded after import = 2
========================================================================
Received Import Request.
  Time since last request: 0.569338 seconds.
  path: Assets/Asset Packs/epyphany/Textures/menhir.png
  artifactKey: Guid(c09937ff746aa7e4691c3d28bcf2af37) Importer(815301076,1909f56bfc062723c751e8b465ee728b)
Start importing Assets/Asset Packs/epyphany/Textures/menhir.png using Guid(c09937ff746aa7e4691c3d28bcf2af37) Importer(815301076,1909f56bfc062723c751e8b465ee728b)  -> (artifact id: 'cd6a7e10986634dbd7df9f13a70cbcdc') in 0.031876 seconds
Number of updated asset objects reloaded before import = 0
Number of asset objects unloaded after import = 2
========================================================================
Received Import Request.
  Time since last request: 1.119516 seconds.
  path: Assets/Asset Packs/epyphany/Textures/Metal1inv.png
  artifactKey: Guid(c4733b06edad16049b36eb887542433a) Importer(815301076,1909f56bfc062723c751e8b465ee728b)
Start importing Assets/Asset Packs/epyphany/Textures/Metal1inv.png using Guid(c4733b06edad16049b36eb887542433a) Importer(815301076,1909f56bfc062723c751e8b465ee728b)  -> (artifact id: '5328e867e8c9b64f5fdbf7da3ace4cfe') in 0.036248 seconds
Number of updated asset objects reloaded before import = 0
Number of asset objects unloaded after import = 2
========================================================================
Received Import Request.
  Time since last request: 0.072864 seconds.
  path: Assets/Asset Packs/epyphany/Textures/Metal1S2norm.png
  artifactKey: Guid(7c0976d21f12fac458dadcfbdcfd2e9c) Importer(815301076,1909f56bfc062723c751e8b465ee728b)
Start importing Assets/Asset Packs/epyphany/Textures/Metal1S2norm.png using Guid(7c0976d21f12fac458dadcfbdcfd2e9c) Importer(815301076,1909f56bfc062723c751e8b465ee728b)  -> (artifact id: '8e2b435156eb543889cd8b27f198e029') in 0.030722 seconds
Number of updated asset objects reloaded before import = 0
Number of asset objects unloaded after import = 2
========================================================================
Received Import Request.
  Time since last request: 0.067303 seconds.
  path: Assets/Asset Packs/epyphany/Textures/metal2Norm.png
  artifactKey: Guid(6cc19b54b695d214ca53b3cfb4dfd4f2) Importer(815301076,1909f56bfc062723c751e8b465ee728b)
Start importing Assets/Asset Packs/epyphany/Textures/metal2Norm.png using Guid(6cc19b54b695d214ca53b3cfb4dfd4f2) Importer(815301076,1909f56bfc062723c751e8b465ee728b)  -> (artifact id: 'b1bb204c3d7316b8f857e54b5b37615e') in 0.048268 seconds
Number of updated asset objects reloaded before import = 0
Number of asset objects unloaded after import = 2
========================================================================
Received Import Request.
  Time since last request: 0.481533 seconds.
  path: Assets/Asset Packs/StarSparrow/Textures/2K_Textures/ModularJet_AlbedoTransparency_Blue.png
  artifactKey: Guid(a44f9ac4ea9571c40be71c8438a7d603) Importer(815301076,1909f56bfc062723c751e8b465ee728b)
Start importing Assets/Asset Packs/StarSparrow/Textures/2K_Textures/ModularJet_AlbedoTransparency_Blue.png using Guid(a44f9ac4ea9571c40be71c8438a7d603) Importer(815301076,1909f56bfc062723c751e8b465ee728b)  -> (artifact id: '5e7a108c629bb4a8f66417bf2a47dc4b') in 0.036355 seconds
Number of updated asset objects reloaded before import = 0
Number of asset objects unloaded after import = 2
========================================================================
Received Import Request.
  Time since last request: 0.064688 seconds.
  path: Assets/Asset Packs/StarSparrow/Textures/ModularJet_AlbedoTransparency_Green.png
  artifactKey: Guid(27c1e9f21e28a6f49b34622fe5db84dc) Importer(815301076,1909f56bfc062723c751e8b465ee728b)
Start importing Assets/Asset Packs/StarSparrow/Textures/ModularJet_AlbedoTransparency_Green.png using Guid(27c1e9f21e28a6f49b34622fe5db84dc) Importer(815301076,1909f56bfc062723c751e8b465ee728b)  -> (artifact id: '127054502c7367ae0cad120016668ce0') in 0.021701 seconds
Number of updated asset objects reloaded before import = 0
Number of asset objects unloaded after import = 2
========================================================================
Received Import Request.
  Time since last request: 0.000018 seconds.
  path: Assets/Asset Packs/StarSparrow/Textures/2K_Textures/ModularJet_AlbedoTransparency_Yellow.png
  artifactKey: Guid(5bfe901885693a744a4770edc423dc64) Importer(815301076,1909f56bfc062723c751e8b465ee728b)
Start importing Assets/Asset Packs/StarSparrow/Textures/2K_Textures/ModularJet_AlbedoTransparency_Yellow.png using Guid(5bfe901885693a744a4770edc423dc64) Importer(815301076,1909f56bfc062723c751e8b465ee728b)  -> (artifact id: '3cfd855a3ddc03b3d8780f50465a7c33') in 0.041967 seconds
Number of updated asset objects reloaded before import = 0
Number of asset objects unloaded after import = 2
========================================================================
Received Import Request.
  Time since last request: 0.394623 seconds.
  path: Assets/Asset Packs/StarSparrow/Textures/2K_Textures/ModularJet_Emission.png
  artifactKey: Guid(f325c1af92c8b564da43dd8021232bd6) Importer(815301076,1909f56bfc062723c751e8b465ee728b)
Start importing Assets/Asset Packs/StarSparrow/Textures/2K_Textures/ModularJet_Emission.png using Guid(f325c1af92c8b564da43dd8021232bd6) Importer(815301076,1909f56bfc062723c751e8b465ee728b)  -> (artifact id: '5f26011a9c70b614fbe25e29de540959') in 0.037455 seconds
Number of updated asset objects reloaded before import = 0
Number of asset objects unloaded after import = 2
========================================================================
Received Import Request.
  Time since last request: 0.039947 seconds.
  path: Assets/Asset Packs/StarSparrow/Textures/2K_Textures/ModularJet_Normal.png
  artifactKey: Guid(b338dab85bded9749b9554cb8e47e843) Importer(815301076,1909f56bfc062723c751e8b465ee728b)
Start importing Assets/Asset Packs/StarSparrow/Textures/2K_Textures/ModularJet_Normal.png using Guid(b338dab85bded9749b9554cb8e47e843) Importer(815301076,1909f56bfc062723c751e8b465ee728b)  -> (artifact id: 'c22366891c1a88068a54f3f0185b2ca7') in 0.035937 seconds
Number of updated asset objects reloaded before import = 0
Number of asset objects unloaded after import = 2
========================================================================
Received Import Request.
  Time since last request: 0.048005 seconds.
  path: Assets/Asset Packs/epyphany/Textures/mudNorm.png
  artifactKey: Guid(51c3bca6d7f859641b6738656f7b6e2e) Importer(815301076,1909f56bfc062723c751e8b465ee728b)
Start importing Assets/Asset Packs/epyphany/Textures/mudNorm.png using Guid(51c3bca6d7f859641b6738656f7b6e2e) Importer(815301076,1909f56bfc062723c751e8b465ee728b)  -> (artifact id: '3b18fd3bc5fd87a88d21689ba94709b1') in 0.032100 seconds
Number of updated asset objects reloaded before import = 0
Number of asset objects unloaded after import = 2
========================================================================
Received Import Request.
  Time since last request: 0.820468 seconds.
  path: Assets/Particles/Particle Round Solid.png
  artifactKey: Guid(54dfaffec1805914193dea617a90e211) Importer(815301076,1909f56bfc062723c751e8b465ee728b)
Start importing Assets/Particles/Particle Round Solid.png using Guid(54dfaffec1805914193dea617a90e211) Importer(815301076,1909f56bfc062723c751e8b465ee728b)  -> (artifact id: 'd6d1a25e98df4c240359cfd0ed1df47f') in 0.039722 seconds
Number of updated asset objects reloaded before import = 0
Number of asset objects unloaded after import = 2
========================================================================
Received Import Request.
  Time since last request: 0.074783 seconds.
  path: Assets/Particles/Particle Star.png
  artifactKey: Guid(0ac18963ac864e6439034e50975cf0ef) Importer(815301076,1909f56bfc062723c751e8b465ee728b)
Start importing Assets/Particles/Particle Star.png using Guid(0ac18963ac864e6439034e50975cf0ef) Importer(815301076,1909f56bfc062723c751e8b465ee728b)  -> (artifact id: '0b7e5e050c56e64de9d39a8ceed0cf82') in 0.020733 seconds
Number of updated asset objects reloaded before import = 0
Number of asset objects unloaded after import = 2
========================================================================
Received Import Request.
  Time since last request: 11.904385 seconds.
  path: Assets/Asset Packs/SkyBox Volume 2/DeepSpaceBlueWithPlanet/upImage.png
  artifactKey: Guid(5c4046e19400c9f44961b6350406ae65) Importer(815301076,1909f56bfc062723c751e8b465ee728b)
Start importing Assets/Asset Packs/SkyBox Volume 2/DeepSpaceBlueWithPlanet/upImage.png using Guid(5c4046e19400c9f44961b6350406ae65) Importer(815301076,1909f56bfc062723c751e8b465ee728b)  -> (artifact id: '447741c409150d3f64be30837b526d31') in 0.030253 seconds
Number of updated asset objects reloaded before import = 0
Number of asset objects unloaded after import = 2
Editor requested this worker to shutdown with reason: Scaling down because of idle timeout
TcpMessagingSession - receive error: operation aborted. errorcode: 995, details: The I/O operation has been aborted because of either a thread exit or an application request.
AssetImportWorker is now disconnected from the server
Process exiting
Exiting without the bug reporter. Application will terminate with return code 0