Using pre-set license
Built from '2022.3/staging' branch; Version is '2022.3.14f1 (eff2de9070d8) revision 15725278'; Using compiler version '192829333'; Build Type 'Release'
OS: 'Windows 10  (10.0.19045) 64bit Enterprise' Language: 'en' Physical Memory: 8001 MB
BatchMode: 1, IsHumanControllingUs: 0, StartBugReporterOnCrash: 0, Is64bit: 1, IsPro: 1

COMMAND LINE ARGUMENTS:
C:\Program Files\Unity\Hub\Editor\2022.3.14f1\Editor\Unity.exe
-adb2
-batchMode
-noUpm
-name
AssetImportWorker2
-projectPath
C:/Users/Dell/Downloads/047Argon-main/047Argon-main/047Argon
-logFile
Logs/AssetImportWorker2.log
-srvPort
64276
Successfully changed project path to: C:/Users/Dell/Downloads/047Argon-main/047Argon-main/047Argon
C:/Users/Dell/Downloads/047Argon-main/047Argon-main/047Argon
[UnityMemory] Configuration Parameters - Can be set up in boot.config
    "memorysetup-bucket-allocator-granularity=16"
    "memorysetup-bucket-allocator-bucket-count=8"
    "memorysetup-bucket-allocator-block-size=33554432"
    "memorysetup-bucket-allocator-block-count=8"
    "memorysetup-main-allocator-block-size=16777216"
    "memorysetup-thread-allocator-block-size=16777216"
    "memorysetup-gfx-main-allocator-block-size=16777216"
    "memorysetup-gfx-thread-allocator-block-size=16777216"
    "memorysetup-cache-allocator-block-size=4194304"
    "memorysetup-typetree-allocator-block-size=2097152"
    "memorysetup-profiler-bucket-allocator-granularity=16"
    "memorysetup-profiler-bucket-allocator-bucket-count=8"
    "memorysetup-profiler-bucket-allocator-block-size=33554432"
    "memorysetup-profiler-bucket-allocator-block-count=8"
    "memorysetup-profiler-allocator-block-size=16777216"
    "memorysetup-profiler-editor-allocator-block-size=1048576"
    "memorysetup-temp-allocator-size-main=16777216"
    "memorysetup-job-temp-allocator-block-size=2097152"
    "memorysetup-job-temp-allocator-block-size-background=1048576"
    "memorysetup-job-temp-allocator-reduction-small-platforms=262144"
    "memorysetup-allocator-temp-initial-block-size-main=262144"
    "memorysetup-allocator-temp-initial-block-size-worker=262144"
    "memorysetup-temp-allocator-size-background-worker=32768"
    "memorysetup-temp-allocator-size-job-worker=262144"
    "memorysetup-temp-allocator-size-preload-manager=33554432"
    "memorysetup-temp-allocator-size-nav-mesh-worker=65536"
    "memorysetup-temp-allocator-size-audio-worker=65536"
    "memorysetup-temp-allocator-size-cloud-worker=32768"
    "memorysetup-temp-allocator-size-gi-baking-worker=262144"
    "memorysetup-temp-allocator-size-gfx=262144"
Player connection [20404] Host "[IP] 10.202.36.94 [Port] 0 [Flags] 2 [Guid] 726010550 [EditorId] 726010550 [Version] 1048832 [Id] WindowsEditor(7,Lab1201-F04) [Debug] 1 [PackageName] WindowsEditor [ProjectName] Editor" joined multi-casting on [225.0.0.222:54997]...

Player connection [20404] Host "[IP] 10.202.36.94 [Port] 0 [Flags] 2 [Guid] 726010550 [EditorId] 726010550 [Version] 1048832 [Id] WindowsEditor(7,Lab1201-F04) [Debug] 1 [PackageName] WindowsEditor [ProjectName] Editor" joined alternative multi-casting on [225.0.0.222:34997]...

[Physics::Module] Initialized MultithreadedJobDispatcher with 7 workers.
Refreshing native plugins compatible for Editor in 18.94 ms, found 2 plugins.
Preloading 0 native plugins for Editor in 0.00 ms.
Initialize engine version: 2022.3.14f1 (eff2de9070d8)
[Subsystems] Discovering subsystems at path C:/Program Files/Unity/Hub/Editor/2022.3.14f1/Editor/Data/Resources/UnitySubsystems
[Subsystems] Discovering subsystems at path C:/Users/Dell/Downloads/047Argon-main/047Argon-main/047Argon/Assets
GfxDevice: creating device client; threaded=0; jobified=0
Direct3D:
    Version:  Direct3D 11.0 [level 11.1]
    Renderer: Intel(R) UHD Graphics 630 (ID=0x3e98)
    Vendor:   Intel
    VRAM:     4000 MB
    Driver:   30.0.100.9864
Initialize mono
Mono path[0] = 'C:/Program Files/Unity/Hub/Editor/2022.3.14f1/Editor/Data/Managed'
Mono path[1] = 'C:/Program Files/Unity/Hub/Editor/2022.3.14f1/Editor/Data/MonoBleedingEdge/lib/mono/unityjit-win32'
Mono config path = 'C:/Program Files/Unity/Hub/Editor/2022.3.14f1/Editor/Data/MonoBleedingEdge/etc'
Using monoOptions --debugger-agent=transport=dt_socket,embedding=1,server=y,suspend=n,address=127.0.0.1:56348
Begin MonoManager ReloadAssembly
Registering precompiled unity dll's ...
Register platform support module: C:/Program Files/Unity/Hub/Editor/2022.3.14f1/Editor/Data/PlaybackEngines/WebGLSupport/UnityEditor.WebGL.Extensions.dll
Register platform support module: C:/Program Files/Unity/Hub/Editor/2022.3.14f1/Editor/Data/PlaybackEngines/WindowsStandaloneSupport/UnityEditor.WindowsStandalone.Extensions.dll
Registered in 0.008076 seconds.
- Loaded All Assemblies, in  0.341 seconds
Native extension for WindowsStandalone target not found
Native extension for WebGL target not found
Mono: successfully reloaded assembly
- Finished resetting the current domain, in  0.233 seconds
Domain Reload Profiling: 571ms
	BeginReloadAssembly (113ms)
		ExecutionOrderSort (0ms)
		DisableScriptedObjects (0ms)
		BackupInstance (0ms)
		ReleaseScriptingObjects (0ms)
		CreateAndSetChildDomain (1ms)
	RebuildCommonClasses (29ms)
	RebuildNativeTypeToScriptingClass (10ms)
	initialDomainReloadingComplete (56ms)
	LoadAllAssembliesAndSetupDomain (130ms)
		LoadAssemblies (110ms)
		RebuildTransferFunctionScriptingTraits (0ms)
		AnalyzeDomain (128ms)
			TypeCache.Refresh (127ms)
				TypeCache.ScanAssembly (115ms)
			ScanForSourceGeneratedMonoScriptInfo (0ms)
			ResolveRequiredComponents (1ms)
	FinalizeReload (233ms)
		ReleaseScriptCaches (0ms)
		RebuildScriptCaches (0ms)
		SetupLoadedEditorAssemblies (179ms)
			LogAssemblyErrors (0ms)
			InitializePlatformSupportModulesInManaged (9ms)
			SetLoadedEditorAssemblies (5ms)
			RefreshPlugins (0ms)
			BeforeProcessingInitializeOnLoad (2ms)
			ProcessInitializeOnLoadAttributes (120ms)
			ProcessInitializeOnLoadMethodAttributes (44ms)
			AfterProcessingInitializeOnLoad (0ms)
			EditorAssembliesLoaded (0ms)
		ExecutionOrderSort2 (0ms)
		AwakeInstancesAfterBackupRestoration (0ms)
========================================================================
Worker process is ready to serve import requests
Begin MonoManager ReloadAssembly
- Loaded All Assemblies, in  0.540 seconds
Refreshing native plugins compatible for Editor in 9.07 ms, found 2 plugins.
Native extension for WindowsStandalone target not found
Native extension for WebGL target not found
Package Manager log level set to [2]
[Package Manager] Server::EnsureServerProcessIsRunning -- launch failed, reason: Unity was launched with the -noUpm command-line argument
[Package Manager] UpmClient::Send -- Unable to send message (not connected to UPM process).
[Package Manager] Cannot connect to Unity Package Manager local server
Mono: successfully reloaded assembly
- Finished resetting the current domain, in  0.575 seconds
Domain Reload Profiling: 1110ms
	BeginReloadAssembly (131ms)
		ExecutionOrderSort (0ms)
		DisableScriptedObjects (5ms)
		BackupInstance (0ms)
		ReleaseScriptingObjects (0ms)
		CreateAndSetChildDomain (17ms)
	RebuildCommonClasses (28ms)
	RebuildNativeTypeToScriptingClass (10ms)
	initialDomainReloadingComplete (39ms)
	LoadAllAssembliesAndSetupDomain (327ms)
		LoadAssemblies (293ms)
		RebuildTransferFunctionScriptingTraits (0ms)
		AnalyzeDomain (111ms)
			TypeCache.Refresh (91ms)
				TypeCache.ScanAssembly (74ms)
			ScanForSourceGeneratedMonoScriptInfo (17ms)
			ResolveRequiredComponents (3ms)
	FinalizeReload (575ms)
		ReleaseScriptCaches (0ms)
		RebuildScriptCaches (0ms)
		SetupLoadedEditorAssemblies (455ms)
			LogAssemblyErrors (0ms)
			InitializePlatformSupportModulesInManaged (6ms)
			SetLoadedEditorAssemblies (3ms)
			RefreshPlugins (0ms)
			BeforeProcessingInitializeOnLoad (55ms)
			ProcessInitializeOnLoadAttributes (248ms)
			ProcessInitializeOnLoadMethodAttributes (134ms)
			AfterProcessingInitializeOnLoad (9ms)
			EditorAssembliesLoaded (0ms)
		ExecutionOrderSort2 (0ms)
		AwakeInstancesAfterBackupRestoration (5ms)
Launched and connected shader compiler UnityShaderCompiler.exe after 0.05 seconds
Refreshing native plugins compatible for Editor in 11.35 ms, found 2 plugins.
Preloading 0 native plugins for Editor in 0.00 ms.
Unloading 2564 Unused Serialized files (Serialized files now loaded: 0)
Unloading 61 unused Assets / (68.7 KB). Loaded Objects now: 3012.
Memory consumption went from 110.1 MB to 110.0 MB.
Total: 7.323700 ms (FindLiveObjects: 0.223200 ms CreateObjectMapping: 0.196900 ms MarkObjects: 6.603100 ms  DeleteObjects: 0.298900 ms)

AssetImportParameters requested are different than current active one (requested -> active):
  custom:video-decoder-webm-vp8: 9c59270c3fd7afecdb556c50c9e8de78 -> 
  custom:SearchIndexIgnoredProperties: e643bd26f0fe6173181afceb89e7c659 -> 
  custom:container-demuxer-ogg: 62fdf1f143b41e24485cea50d1cbac27 -> 
  custom:AudioImporter_EditorPlatform: d09bf68614088b80899f8185d706f6e7 -> 
  custom:video-decoder-ogg-theora: a1e56fd34408186e4bbccfd4996cb3dc -> 
  custom:framework-win-MediaFoundation: 216162199b28c13a410421893ffa2e32 -> 
  custom:video-encoder-webm-vp8: eb34c28f22e8b96e1ab97ce403110664 -> 
  custom:audio-decoder-ogg-vorbis: bf7c407c2cedff20999df2af8eb42d56 -> 
  custom:CustomObjectIndexerAttribute: 756ad292c208cfabdd7b50bc23989ffe -> 
  custom:container-demuxer-webm: 4f35f7cbe854078d1ac9338744f61a02 -> 
  custom:audio-encoder-webm-vorbis: bf7c407c2cedff20999df2af8eb42d56 -> 
  custom:container-muxer-webm: aa71ff27fc2769a1b78a27578f13a17b -> 
========================================================================
Received Import Request.
  Time since last request: 1390438.373369 seconds.
  path: Assets
  artifactKey: Guid(00000000000000001000000000000000) Importer(815301076,1909f56bfc062723c751e8b465ee728b)
Start importing Assets using Guid(00000000000000001000000000000000) Importer(815301076,1909f56bfc062723c751e8b465ee728b)  -> (artifact id: '8a4fe85251aa2e89732c359432baa2c3') in 0.003880 seconds
Number of updated asset objects reloaded before import = 0
Number of asset objects unloaded after import = 0
========================================================================
Received Import Request.
  Time since last request: 7.457011 seconds.
  path: Assets/New Scene.unity
  artifactKey: Guid(360058bd356bd6d4083ab91e32b7c382) Importer(815301076,1909f56bfc062723c751e8b465ee728b)
Start importing Assets/New Scene.unity using Guid(360058bd356bd6d4083ab91e32b7c382) Importer(815301076,1909f56bfc062723c751e8b465ee728b)  -> (artifact id: '14c50c0b1bf2dc48ca180ece612e31c9') in 0.000545 seconds
Number of updated asset objects reloaded before import = 0
Number of asset objects unloaded after import = 0
========================================================================
Received Import Request.
  Time since last request: 9.379883 seconds.
  path: Assets/New Material.mat
  artifactKey: Guid(8e9dde4e1aae8664ea565ddfa82266b9) Importer(815301076,1909f56bfc062723c751e8b465ee728b)
Start importing Assets/New Material.mat using Guid(8e9dde4e1aae8664ea565ddfa82266b9) Importer(815301076,1909f56bfc062723c751e8b465ee728b)  -> (artifact id: 'ce9ca4c07b71569f4ece02d51848564c') in 0.131221 seconds
Number of updated asset objects reloaded before import = 0
Number of asset objects unloaded after import = 1
========================================================================
Received Import Request.
  Time since last request: 86.146649 seconds.
  path: Assets/Asset Packs/SkyBox Volume 2/DeepSpaceBlue
  artifactKey: Guid(df8139b196b498b42be2d15f5af5a393) Importer(815301076,1909f56bfc062723c751e8b465ee728b)
Start importing Assets/Asset Packs/SkyBox Volume 2/DeepSpaceBlue using Guid(df8139b196b498b42be2d15f5af5a393) Importer(815301076,1909f56bfc062723c751e8b465ee728b)  -> (artifact id: 'afe873730f74b14047defbaf8de3cdb6') in 0.000619 seconds
Number of updated asset objects reloaded before import = 0
Number of asset objects unloaded after import = 0
========================================================================
Received Import Request.
  Time since last request: 0.081993 seconds.
  path: Assets/Asset Packs/SkyBox Volume 2/DeepSpaceBlue/backImage.png
  artifactKey: Guid(d733e8221be901b429039b23c12749c6) Importer(815301076,1909f56bfc062723c751e8b465ee728b)
Start importing Assets/Asset Packs/SkyBox Volume 2/DeepSpaceBlue/backImage.png using Guid(d733e8221be901b429039b23c12749c6) Importer(815301076,1909f56bfc062723c751e8b465ee728b)  -> (artifact id: 'a0e782ed46861a34ff655d2481a0c8c8') in 0.022221 seconds
Number of updated asset objects reloaded before import = 0
Number of asset objects unloaded after import = 2
========================================================================
Received Import Request.
  Time since last request: 0.539941 seconds.
  path: Assets/Asset Packs/SkyBox Volume 2/DeepSpaceBlue/leftImage.png
  artifactKey: Guid(a40174c675fc1264dbbe1c9b83c7f29f) Importer(815301076,1909f56bfc062723c751e8b465ee728b)
Start importing Assets/Asset Packs/SkyBox Volume 2/DeepSpaceBlue/leftImage.png using Guid(a40174c675fc1264dbbe1c9b83c7f29f) Importer(815301076,1909f56bfc062723c751e8b465ee728b)  -> (artifact id: 'f58e15cd08a672caf11e7ac5d8187c12') in 0.033466 seconds
Number of updated asset objects reloaded before import = 0
Number of asset objects unloaded after import = 2
========================================================================
Received Import Request.
  Time since last request: 0.000110 seconds.
  path: Assets/Asset Packs/SkyBox Volume 2/DeepSpaceBlue/frontImage.png
  artifactKey: Guid(3c74d9b24e6f1a24c8a23d012f45f750) Importer(815301076,1909f56bfc062723c751e8b465ee728b)
Start importing Assets/Asset Packs/SkyBox Volume 2/DeepSpaceBlue/frontImage.png using Guid(3c74d9b24e6f1a24c8a23d012f45f750) Importer(815301076,1909f56bfc062723c751e8b465ee728b)  -> (artifact id: 'c623523f0fe324ee828a0827892417df') in 0.025021 seconds
Number of updated asset objects reloaded before import = 0
Number of asset objects unloaded after import = 2
========================================================================
Received Import Request.
  Time since last request: 0.000187 seconds.
  path: Assets/Asset Packs/SkyBox Volume 2/DeepSpaceBlue/upImage.png
  artifactKey: Guid(bd01d8f5deedc054ea3c866c4df95a94) Importer(815301076,1909f56bfc062723c751e8b465ee728b)
Start importing Assets/Asset Packs/SkyBox Volume 2/DeepSpaceBlue/upImage.png using Guid(bd01d8f5deedc054ea3c866c4df95a94) Importer(815301076,1909f56bfc062723c751e8b465ee728b)  -> (artifact id: '89ee26f51181a1db5bae04c797f6b911') in 0.022726 seconds
Number of updated asset objects reloaded before import = 0
Number of asset objects unloaded after import = 2
========================================================================
Received Prepare
Begin MonoManager ReloadAssembly
- Loaded All Assemblies, in  0.545 seconds
Refreshing native plugins compatible for Editor in 12.19 ms, found 2 plugins.
Native extension for WindowsStandalone target not found
Native extension for WebGL target not found
[Package Manager] Server::EnsureServerProcessIsRunning -- launch failed, reason: Unity was launched with the -noUpm command-line argument
[Package Manager] UpmClient::Send -- Unable to send message (not connected to UPM process).
[Package Manager] Cannot connect to Unity Package Manager local server
Mono: successfully reloaded assembly
- Finished resetting the current domain, in  1.160 seconds
Domain Reload Profiling: 1699ms
	BeginReloadAssembly (182ms)
		ExecutionOrderSort (0ms)
		DisableScriptedObjects (5ms)
		BackupInstance (0ms)
		ReleaseScriptingObjects (0ms)
		CreateAndSetChildDomain (32ms)
	RebuildCommonClasses (34ms)
	RebuildNativeTypeToScriptingClass (13ms)
	initialDomainReloadingComplete (35ms)
	LoadAllAssembliesAndSetupDomain (274ms)
		LoadAssemblies (373ms)
		RebuildTransferFunctionScriptingTraits (0ms)
		AnalyzeDomain (12ms)
			TypeCache.Refresh (7ms)
				TypeCache.ScanAssembly (0ms)
			ScanForSourceGeneratedMonoScriptInfo (0ms)
			ResolveRequiredComponents (4ms)
	FinalizeReload (1161ms)
		ReleaseScriptCaches (0ms)
		RebuildScriptCaches (0ms)
		SetupLoadedEditorAssemblies (685ms)
			LogAssemblyErrors (0ms)
			InitializePlatformSupportModulesInManaged (9ms)
			SetLoadedEditorAssemblies (5ms)
			RefreshPlugins (0ms)
			BeforeProcessingInitializeOnLoad (63ms)
			ProcessInitializeOnLoadAttributes (295ms)
			ProcessInitializeOnLoadMethodAttributes (296ms)
			AfterProcessingInitializeOnLoad (14ms)
			EditorAssembliesLoaded (1ms)
		ExecutionOrderSort2 (0ms)
		AwakeInstancesAfterBackupRestoration (13ms)
Refreshing native plugins compatible for Editor in 20.38 ms, found 2 plugins.
Preloading 0 native plugins for Editor in 0.00 ms.
Unloading 2557 Unused Serialized files (Serialized files now loaded: 0)
Unloading 50 unused Assets / (42.8 KB). Loaded Objects now: 3057.
Memory consumption went from 115.5 MB to 115.4 MB.
Total: 22.624700 ms (FindLiveObjects: 0.673800 ms CreateObjectMapping: 1.559100 ms MarkObjects: 19.987500 ms  DeleteObjects: 0.399000 ms)

Prepare: number of updated asset objects reloaded= 0
AssetImportParameters requested are different than current active one (requested -> active):
  custom:video-decoder-webm-vp8: 9c59270c3fd7afecdb556c50c9e8de78 -> 
  custom:SearchIndexIgnoredProperties: e643bd26f0fe6173181afceb89e7c659 -> 
  custom:container-demuxer-ogg: 62fdf1f143b41e24485cea50d1cbac27 -> 
  custom:AudioImporter_EditorPlatform: d09bf68614088b80899f8185d706f6e7 -> 
  custom:video-decoder-ogg-theora: a1e56fd34408186e4bbccfd4996cb3dc -> 
  custom:framework-win-MediaFoundation: 216162199b28c13a410421893ffa2e32 -> 
  custom:video-encoder-webm-vp8: eb34c28f22e8b96e1ab97ce403110664 -> 
  custom:audio-decoder-ogg-vorbis: bf7c407c2cedff20999df2af8eb42d56 -> 
  custom:CustomObjectIndexerAttribute: 756ad292c208cfabdd7b50bc23989ffe -> 
  custom:container-demuxer-webm: 4f35f7cbe854078d1ac9338744f61a02 -> 
  custom:audio-encoder-webm-vorbis: bf7c407c2cedff20999df2af8eb42d56 -> 
  custom:container-muxer-webm: aa71ff27fc2769a1b78a27578f13a17b -> 
========================================================================
Received Prepare
Begin MonoManager ReloadAssembly
- Loaded All Assemblies, in  0.508 seconds
Refreshing native plugins compatible for Editor in 10.81 ms, found 2 plugins.
Native extension for WindowsStandalone target not found
Native extension for WebGL target not found
[Package Manager] Server::EnsureServerProcessIsRunning -- launch failed, reason: Unity was launched with the -noUpm command-line argument
[Package Manager] UpmClient::Send -- Unable to send message (not connected to UPM process).
[Package Manager] Cannot connect to Unity Package Manager local server
Mono: successfully reloaded assembly
- Finished resetting the current domain, in  1.090 seconds
Domain Reload Profiling: 1586ms
	BeginReloadAssembly (164ms)
		ExecutionOrderSort (0ms)
		DisableScriptedObjects (6ms)
		BackupInstance (0ms)
		ReleaseScriptingObjects (0ms)
		CreateAndSetChildDomain (30ms)
	RebuildCommonClasses (31ms)
	RebuildNativeTypeToScriptingClass (11ms)
	initialDomainReloadingComplete (36ms)
	LoadAllAssembliesAndSetupDomain (253ms)
		LoadAssemblies (332ms)
		RebuildTransferFunctionScriptingTraits (0ms)
		AnalyzeDomain (13ms)
			TypeCache.Refresh (7ms)
				TypeCache.ScanAssembly (0ms)
			ScanForSourceGeneratedMonoScriptInfo (0ms)
			ResolveRequiredComponents (4ms)
	FinalizeReload (1091ms)
		ReleaseScriptCaches (0ms)
		RebuildScriptCaches (0ms)
		SetupLoadedEditorAssemblies (614ms)
			LogAssemblyErrors (0ms)
			InitializePlatformSupportModulesInManaged (8ms)
			SetLoadedEditorAssemblies (4ms)
			RefreshPlugins (0ms)
			BeforeProcessingInitializeOnLoad (62ms)
			ProcessInitializeOnLoadAttributes (284ms)
			ProcessInitializeOnLoadMethodAttributes (241ms)
			AfterProcessingInitializeOnLoad (14ms)
			EditorAssembliesLoaded (1ms)
		ExecutionOrderSort2 (0ms)
		AwakeInstancesAfterBackupRestoration (13ms)
Refreshing native plugins compatible for Editor in 16.14 ms, found 2 plugins.
Preloading 0 native plugins for Editor in 0.00 ms.
Unloading 2558 Unused Serialized files (Serialized files now loaded: 0)
Unloading 50 unused Assets / (42.9 KB). Loaded Objects now: 3060.
Memory consumption went from 117.7 MB to 117.6 MB.
Total: 14.837200 ms (FindLiveObjects: 0.907100 ms CreateObjectMapping: 0.698400 ms MarkObjects: 12.720600 ms  DeleteObjects: 0.507800 ms)

Prepare: number of updated asset objects reloaded= 0
AssetImportParameters requested are different than current active one (requested -> active):
  custom:video-decoder-webm-vp8: 9c59270c3fd7afecdb556c50c9e8de78 -> 
  custom:SearchIndexIgnoredProperties: e643bd26f0fe6173181afceb89e7c659 -> 
  custom:container-demuxer-ogg: 62fdf1f143b41e24485cea50d1cbac27 -> 
  custom:AudioImporter_EditorPlatform: d09bf68614088b80899f8185d706f6e7 -> 
  custom:video-decoder-ogg-theora: a1e56fd34408186e4bbccfd4996cb3dc -> 
  custom:framework-win-MediaFoundation: 216162199b28c13a410421893ffa2e32 -> 
  custom:video-encoder-webm-vp8: eb34c28f22e8b96e1ab97ce403110664 -> 
  custom:audio-decoder-ogg-vorbis: bf7c407c2cedff20999df2af8eb42d56 -> 
  custom:CustomObjectIndexerAttribute: 756ad292c208cfabdd7b50bc23989ffe -> 
  custom:container-demuxer-webm: 4f35f7cbe854078d1ac9338744f61a02 -> 
  custom:audio-encoder-webm-vorbis: bf7c407c2cedff20999df2af8eb42d56 -> 
  custom:container-muxer-webm: aa71ff27fc2769a1b78a27578f13a17b -> 
========================================================================
Received Import Request.
  Time since last request: 126.189421 seconds.
  path: Assets/_TerrainAutoUpgrade/layer_alienSkin2EmialienSkin2Norm483ea9e198a5d343.terrainlayer
  artifactKey: Guid(bc447b2c321072d479c846ce95335399) Importer(815301076,1909f56bfc062723c751e8b465ee728b)
Start importing Assets/_TerrainAutoUpgrade/layer_alienSkin2EmialienSkin2Norm483ea9e198a5d343.terrainlayer using Guid(bc447b2c321072d479c846ce95335399) Importer(815301076,1909f56bfc062723c751e8b465ee728b)  -> (artifact id: '2925699ca4a35df943c68e15277b5c3d') in 0.051008 seconds
Number of updated asset objects reloaded before import = 0
Number of asset objects unloaded after import = 4
========================================================================
Received Import Request.
  Time since last request: 0.271088 seconds.
  path: Assets/_TerrainAutoUpgrade/layer_rock3rock3Norm1e3085bce996e327.terrainlayer
  artifactKey: Guid(b81ffa3cd9ecb394b88b002fffe91a50) Importer(815301076,1909f56bfc062723c751e8b465ee728b)
Start importing Assets/_TerrainAutoUpgrade/layer_rock3rock3Norm1e3085bce996e327.terrainlayer using Guid(b81ffa3cd9ecb394b88b002fffe91a50) Importer(815301076,1909f56bfc062723c751e8b465ee728b)  -> (artifact id: '6cb8516f757d3cb1575394305d7f090e') in 0.061025 seconds
Number of updated asset objects reloaded before import = 0
Number of asset objects unloaded after import = 4
========================================================================
Received Import Request.
  Time since last request: 1.156249 seconds.
  path: Assets/59c80bba42904e82d547e659a1e1b384Timeline.playable
  artifactKey: Guid(2d0257230b2631b4ab3587d90b9f264e) Importer(815301076,1909f56bfc062723c751e8b465ee728b)
Start importing Assets/59c80bba42904e82d547e659a1e1b384Timeline.playable using Guid(2d0257230b2631b4ab3587d90b9f264e) Importer(815301076,1909f56bfc062723c751e8b465ee728b)  -> (artifact id: '2e98e46805e8f18f99ffc443f49725f5') in 0.008802 seconds
Number of updated asset objects reloaded before import = 0
Number of asset objects unloaded after import = 3
========================================================================
Received Import Request.
  Time since last request: 0.000320 seconds.
  path: Assets/New Material.mat
  artifactKey: Guid(8e9dde4e1aae8664ea565ddfa82266b9) Importer(815301076,1909f56bfc062723c751e8b465ee728b)
Start importing Assets/New Material.mat using Guid(8e9dde4e1aae8664ea565ddfa82266b9) Importer(815301076,1909f56bfc062723c751e8b465ee728b)  -> (artifact id: 'b35725cb38ae219f7c3a9d8dd0d16164') in 0.047553 seconds
Number of updated asset objects reloaded before import = 0
Number of asset objects unloaded after import = 1
========================================================================
Received Import Request.
  Time since last request: 9.460304 seconds.
  path: Assets/Environment/Skybox Green Planet.mat
  artifactKey: Guid(5b21c6a8ce40f9641bd1204324b90b2c) Importer(815301076,1909f56bfc062723c751e8b465ee728b)
Start importing Assets/Environment/Skybox Green Planet.mat using Guid(5b21c6a8ce40f9641bd1204324b90b2c) Importer(815301076,1909f56bfc062723c751e8b465ee728b)  -> (artifact id: 'fe3565db0d6e5bd3fddea0341630062a') in 0.028462 seconds
Number of updated asset objects reloaded before import = 0
Number of asset objects unloaded after import = 7
========================================================================
Received Import Request.
  Time since last request: 35.876320 seconds.
  path: Assets/Asset Packs/epyphany/Textures/alienSkin2Norm.png
  artifactKey: Guid(10c4ad7ea5bb5704391d7c312e5746c6) Importer(815301076,1909f56bfc062723c751e8b465ee728b)
Start importing Assets/Asset Packs/epyphany/Textures/alienSkin2Norm.png using Guid(10c4ad7ea5bb5704391d7c312e5746c6) Importer(815301076,1909f56bfc062723c751e8b465ee728b)  -> (artifact id: '451417667a57be00d2627a0f4306c5d7') in 0.065998 seconds
Number of updated asset objects reloaded before import = 0
Number of asset objects unloaded after import = 2
========================================================================
Received Import Request.
  Time since last request: 0.000071 seconds.
  path: Assets/Asset Packs/SkyBox Volume 2/Stars01/backImage.png
  artifactKey: Guid(0fbf23bda4c210c44a0fe51c9bbaecc7) Importer(815301076,1909f56bfc062723c751e8b465ee728b)
Start importing Assets/Asset Packs/SkyBox Volume 2/Stars01/backImage.png using Guid(0fbf23bda4c210c44a0fe51c9bbaecc7) Importer(815301076,1909f56bfc062723c751e8b465ee728b)  -> (artifact id: 'da9d00fc21fa1ca332f962927ee748b7') in 0.026594 seconds
Number of updated asset objects reloaded before import = 0
Number of asset objects unloaded after import = 2
========================================================================
Received Import Request.
  Time since last request: 0.000044 seconds.
  path: Assets/Asset Packs/SkyBox Volume 2/DeepsSpaceRedWithPlanet/backImage.png
  artifactKey: Guid(6601b262566e8ed48bcd94e544e0fd2d) Importer(815301076,1909f56bfc062723c751e8b465ee728b)
Start importing Assets/Asset Packs/SkyBox Volume 2/DeepsSpaceRedWithPlanet/backImage.png using Guid(6601b262566e8ed48bcd94e544e0fd2d) Importer(815301076,1909f56bfc062723c751e8b465ee728b)  -> (artifact id: 'e11a18cefcb2199c606205b752158009') in 0.023990 seconds
Number of updated asset objects reloaded before import = 0
Number of asset objects unloaded after import = 2
========================================================================
Received Import Request.
  Time since last request: 0.000349 seconds.
  path: Assets/Asset Packs/SkyBox Volume 2/DeepSpaceBlueWithPlanet/backImage.png
  artifactKey: Guid(04550512a36deb34887e513ee0f31545) Importer(815301076,1909f56bfc062723c751e8b465ee728b)
Start importing Assets/Asset Packs/SkyBox Volume 2/DeepSpaceBlueWithPlanet/backImage.png using Guid(04550512a36deb34887e513ee0f31545) Importer(815301076,1909f56bfc062723c751e8b465ee728b)  -> (artifact id: '2ea34c2b05f2a4fc07b9a516509d4b5e') in 0.030477 seconds
Number of updated asset objects reloaded before import = 0
Number of asset objects unloaded after import = 2
========================================================================
Received Import Request.
  Time since last request: 0.000224 seconds.
  path: Assets/Asset Packs/SkyBox Volume 2/DeepSpaceRed/backImage.png
  artifactKey: Guid(0d37d5a7bd77d4c4d87538ec79a8c071) Importer(815301076,1909f56bfc062723c751e8b465ee728b)
Start importing Assets/Asset Packs/SkyBox Volume 2/DeepSpaceRed/backImage.png using Guid(0d37d5a7bd77d4c4d87538ec79a8c071) Importer(815301076,1909f56bfc062723c751e8b465ee728b)  -> (artifact id: 'cfc7b6bbd6ba14cd86a6960f617e6751') in 0.049001 seconds
Number of updated asset objects reloaded before import = 0
Number of asset objects unloaded after import = 2
========================================================================
Received Import Request.
  Time since last request: 1.479210 seconds.
  path: Assets/Asset Packs/epyphany/Textures/bubblesNorm.png
  artifactKey: Guid(56e1c4392bcb16642a5eeec761668dc7) Importer(815301076,1909f56bfc062723c751e8b465ee728b)
Start importing Assets/Asset Packs/epyphany/Textures/bubblesNorm.png using Guid(56e1c4392bcb16642a5eeec761668dc7) Importer(815301076,1909f56bfc062723c751e8b465ee728b)  -> (artifact id: '63e4db3de9427e7ca92ac9b57e21a381') in 0.051297 seconds
Number of updated asset objects reloaded before import = 0
Number of asset objects unloaded after import = 2
========================================================================
Received Import Request.
  Time since last request: 0.071674 seconds.
  path: Assets/Asset Packs/Unity Standard Assets/CrossPlatformInput/Sprites/ButtonArrowOverSprite.png
  artifactKey: Guid(49b611e658efbf443b686a4036f74fe3) Importer(815301076,1909f56bfc062723c751e8b465ee728b)
Start importing Assets/Asset Packs/Unity Standard Assets/CrossPlatformInput/Sprites/ButtonArrowOverSprite.png using Guid(49b611e658efbf443b686a4036f74fe3) Importer(815301076,1909f56bfc062723c751e8b465ee728b)  -> (artifact id: 'b0794d449b53b8200afa779d941aa4c9') in 0.038853 seconds
Number of updated asset objects reloaded before import = 0
Number of asset objects unloaded after import = 3
========================================================================
Received Import Request.
  Time since last request: 0.499366 seconds.
  path: Assets/Asset Packs/Unity Standard Assets/CrossPlatformInput/Sprites/ButtonBrakeUpSprite.png
  artifactKey: Guid(827c9cd4a3943534f909ac6473e17288) Importer(815301076,1909f56bfc062723c751e8b465ee728b)
Start importing Assets/Asset Packs/Unity Standard Assets/CrossPlatformInput/Sprites/ButtonBrakeUpSprite.png using Guid(827c9cd4a3943534f909ac6473e17288) Importer(815301076,1909f56bfc062723c751e8b465ee728b)  -> (artifact id: '79d482f07fc61a18fd7fa8d2d0ef0946') in 0.043186 seconds
Number of updated asset objects reloaded before import = 0
Number of asset objects unloaded after import = 3
========================================================================
Received Import Request.
  Time since last request: 0.073446 seconds.
  path: Assets/Asset Packs/Unity Standard Assets/CrossPlatformInput/Sprites/ButtonSpacebarSprite.png
  artifactKey: Guid(3d8675433a508ec47b8f895201eacf20) Importer(815301076,1909f56bfc062723c751e8b465ee728b)
Start importing Assets/Asset Packs/Unity Standard Assets/CrossPlatformInput/Sprites/ButtonSpacebarSprite.png using Guid(3d8675433a508ec47b8f895201eacf20) Importer(815301076,1909f56bfc062723c751e8b465ee728b)  -> (artifact id: 'a27800d0fd81d20ba4a8759529243bec') in 0.018547 seconds
Number of updated asset objects reloaded before import = 0
Number of asset objects unloaded after import = 3
========================================================================
Received Import Request.
  Time since last request: 0.387126 seconds.
  path: Assets/Asset Packs/Unity Standard Assets/CrossPlatformInput/Sprites/ButtonTimescaleFullUpSprite.png
  artifactKey: Guid(0c6271a290ef75b4c97d58746c86c5b8) Importer(815301076,1909f56bfc062723c751e8b465ee728b)
Start importing Assets/Asset Packs/Unity Standard Assets/CrossPlatformInput/Sprites/ButtonTimescaleFullUpSprite.png using Guid(0c6271a290ef75b4c97d58746c86c5b8) Importer(815301076,1909f56bfc062723c751e8b465ee728b)  -> (artifact id: 'a99a79909f41e561ee4f33158f3744d0') in 0.051064 seconds
Number of updated asset objects reloaded before import = 0
Number of asset objects unloaded after import = 3
========================================================================
Received Import Request.
  Time since last request: 0.073921 seconds.
  path: Assets/Asset Packs/SkyBox Volume 2/DeepSpaceBlueWithPlanet/downImage.png
  artifactKey: Guid(42f68b6cc6ff3fa47b83a2664bf08ae9) Importer(815301076,1909f56bfc062723c751e8b465ee728b)
Start importing Assets/Asset Packs/SkyBox Volume 2/DeepSpaceBlueWithPlanet/downImage.png using Guid(42f68b6cc6ff3fa47b83a2664bf08ae9) Importer(815301076,1909f56bfc062723c751e8b465ee728b)  -> (artifact id: '6b154e259c802043fd656249d4602bac') in 0.039266 seconds
Number of updated asset objects reloaded before import = 0
Number of asset objects unloaded after import = 2
========================================================================
Received Import Request.
  Time since last request: 0.629786 seconds.
  path: Assets/Asset Packs/SkyBox Volume 2/DeepSpaceRed/downImage.png
  artifactKey: Guid(bf0c0b6ba4b05d843b2035b5af2141c8) Importer(815301076,1909f56bfc062723c751e8b465ee728b)
Start importing Assets/Asset Packs/SkyBox Volume 2/DeepSpaceRed/downImage.png using Guid(bf0c0b6ba4b05d843b2035b5af2141c8) Importer(815301076,1909f56bfc062723c751e8b465ee728b)  -> (artifact id: 'cea64d04a4bde65f81c2ffaa9fbb9f61') in 0.034521 seconds
Number of updated asset objects reloaded before import = 0
Number of asset objects unloaded after import = 2
========================================================================
Received Import Request.
  Time since last request: 0.000888 seconds.
  path: Assets/Asset Packs/epyphany/Textures/dragonScalesEmi.png
  artifactKey: Guid(7eeba2a5c108d184eb386b914f251c91) Importer(815301076,1909f56bfc062723c751e8b465ee728b)
Start importing Assets/Asset Packs/epyphany/Textures/dragonScalesEmi.png using Guid(7eeba2a5c108d184eb386b914f251c91) Importer(815301076,1909f56bfc062723c751e8b465ee728b)  -> (artifact id: '3521699b3c0171e0b83e0c6f9adb6897') in 0.032294 seconds
Number of updated asset objects reloaded before import = 0
Number of asset objects unloaded after import = 2
========================================================================
Received Import Request.
  Time since last request: 0.036067 seconds.
  path: Assets/Asset Packs/Unity Standard Assets/Fonts/OpenSans/OpenSansSemibold.ttf
  artifactKey: Guid(01cd679a1b9ee48bf9c546f6ce2cb97e) Importer(815301076,1909f56bfc062723c751e8b465ee728b)
Start importing Assets/Asset Packs/Unity Standard Assets/Fonts/OpenSans/OpenSansSemibold.ttf using Guid(01cd679a1b9ee48bf9c546f6ce2cb97e) Importer(815301076,1909f56bfc062723c751e8b465ee728b)  -> (artifact id: 'f7840a6d5290a9576b22c520bf55668b') in 0.023914 seconds
Number of updated asset objects reloaded before import = 0
Number of asset objects unloaded after import = 4
========================================================================
Received Import Request.
  Time since last request: 0.000090 seconds.
  path: Assets/Asset Packs/Unity Standard Assets/Fonts/OpenSans/OpenSansBold.ttf
  artifactKey: Guid(87c316b602156405d92e616621658222) Importer(815301076,1909f56bfc062723c751e8b465ee728b)
Start importing Assets/Asset Packs/Unity Standard Assets/Fonts/OpenSans/OpenSansBold.ttf using Guid(87c316b602156405d92e616621658222) Importer(815301076,1909f56bfc062723c751e8b465ee728b)  -> (artifact id: 'ef6785dbb8cc47e638c3380c5a187022') in 0.016641 seconds
Number of updated asset objects reloaded before import = 0
Number of asset objects unloaded after import = 4
========================================================================
Received Import Request.
  Time since last request: 0.336070 seconds.
  path: Assets/Asset Packs/SkyBox Volume 2/DeepSpaceBlueWithPlanet/frontImage.png
  artifactKey: Guid(5695b2a32243d1e40884ad984dd6423d) Importer(815301076,1909f56bfc062723c751e8b465ee728b)
Start importing Assets/Asset Packs/SkyBox Volume 2/DeepSpaceBlueWithPlanet/frontImage.png using Guid(5695b2a32243d1e40884ad984dd6423d) Importer(815301076,1909f56bfc062723c751e8b465ee728b)  -> (artifact id: '08a761b7dbebefaa6fd7a370daee1480') in 0.036309 seconds
Number of updated asset objects reloaded before import = 0
Number of asset objects unloaded after import = 2
========================================================================
Received Import Request.
  Time since last request: 0.395920 seconds.
  path: Assets/Asset Packs/epyphany/Textures/glass.png
  artifactKey: Guid(3585069d208350e4d8efedb489550ea1) Importer(815301076,1909f56bfc062723c751e8b465ee728b)
Start importing Assets/Asset Packs/epyphany/Textures/glass.png using Guid(3585069d208350e4d8efedb489550ea1) Importer(815301076,1909f56bfc062723c751e8b465ee728b)  -> (artifact id: '942d07e3f5459abe6346e837b55a42f0') in 0.035137 seconds
Number of updated asset objects reloaded before import = 0
Number of asset objects unloaded after import = 2
========================================================================
Received Import Request.
  Time since last request: 0.003879 seconds.
  path: Assets/Asset Packs/SkyBox Volume 2/DeepSpaceRed/leftImage.png
  artifactKey: Guid(f4ff7b3598c10f443b97a6624d7226e1) Importer(815301076,1909f56bfc062723c751e8b465ee728b)
Start importing Assets/Asset Packs/SkyBox Volume 2/DeepSpaceRed/leftImage.png using Guid(f4ff7b3598c10f443b97a6624d7226e1) Importer(815301076,1909f56bfc062723c751e8b465ee728b)  -> (artifact id: '83614d2580acaa3e1b4516bbf92202c2') in 0.040781 seconds
Number of updated asset objects reloaded before import = 0
Number of asset objects unloaded after import = 2
========================================================================
Received Import Request.
  Time since last request: 0.001440 seconds.
  path: Assets/Asset Packs/SkyBox Volume 2/DeepSpaceGreenWithPlanet/leftImage.png
  artifactKey: Guid(25f74bd5fd43fe94a9bf7a33040c8fbf) Importer(815301076,1909f56bfc062723c751e8b465ee728b)
Start importing Assets/Asset Packs/SkyBox Volume 2/DeepSpaceGreenWithPlanet/leftImage.png using Guid(25f74bd5fd43fe94a9bf7a33040c8fbf) Importer(815301076,1909f56bfc062723c751e8b465ee728b)  -> (artifact id: 'b0627eb141ea068204d7bf7be138c0be') in 0.034820 seconds
Number of updated asset objects reloaded before import = 0
Number of asset objects unloaded after import = 2
========================================================================
Received Import Request.
  Time since last request: 0.010555 seconds.
  path: Assets/Asset Packs/SkyBox Volume 2/DeepSpaceBlueWithPlanet/leftImage.png
  artifactKey: Guid(0373ee03f989db143826ef682bb33f93) Importer(815301076,1909f56bfc062723c751e8b465ee728b)
Start importing Assets/Asset Packs/SkyBox Volume 2/DeepSpaceBlueWithPlanet/leftImage.png using Guid(0373ee03f989db143826ef682bb33f93) Importer(815301076,1909f56bfc062723c751e8b465ee728b)  -> (artifact id: 'd1d2426dc7f79e89662f01cc330db044') in 0.034618 seconds
Number of updated asset objects reloaded before import = 0
Number of asset objects unloaded after import = 2
========================================================================
Received Import Request.
  Time since last request: 0.007395 seconds.
  path: Packages/com.unity.purchasing/Icons/LinkWhite.png
  artifactKey: Guid(e679a29ca22bc4fa0bd848bd79a42b79) Importer(815301076,1909f56bfc062723c751e8b465ee728b)
Start importing Packages/com.unity.purchasing/Icons/LinkWhite.png using Guid(e679a29ca22bc4fa0bd848bd79a42b79) Importer(815301076,1909f56bfc062723c751e8b465ee728b)  -> (artifact id: '14cf685d909a970af4fd8a9977011c9b') in 0.033251 seconds
Number of updated asset objects reloaded before import = 0
Number of asset objects unloaded after import = 2
========================================================================
Received Import Request.
  Time since last request: 1.116372 seconds.
  path: Assets/Asset Packs/epyphany/Textures/Metal1.png
  artifactKey: Guid(9d576761f5ad9c04b8666e3d7c2707b0) Importer(815301076,1909f56bfc062723c751e8b465ee728b)
Start importing Assets/Asset Packs/epyphany/Textures/Metal1.png using Guid(9d576761f5ad9c04b8666e3d7c2707b0) Importer(815301076,1909f56bfc062723c751e8b465ee728b)  -> (artifact id: 'fd1ff452271b638a343a9acaf5f444c1') in 0.041683 seconds
Number of updated asset objects reloaded before import = 0
Number of asset objects unloaded after import = 2
========================================================================
Received Import Request.
  Time since last request: 0.063753 seconds.
  path: Assets/Asset Packs/epyphany/Textures/Metal1S.png
  artifactKey: Guid(23f73031698007242a70539079772742) Importer(815301076,1909f56bfc062723c751e8b465ee728b)
Start importing Assets/Asset Packs/epyphany/Textures/Metal1S.png using Guid(23f73031698007242a70539079772742) Importer(815301076,1909f56bfc062723c751e8b465ee728b)  -> (artifact id: '43ebc554bcc0b2770525fa6b07b7ee0f') in 0.031385 seconds
Number of updated asset objects reloaded before import = 0
Number of asset objects unloaded after import = 2
========================================================================
Received Import Request.
  Time since last request: 0.071942 seconds.
  path: Assets/Asset Packs/epyphany/Textures/metal2.png
  artifactKey: Guid(41aac45a691945b4eb88b47288369ede) Importer(815301076,1909f56bfc062723c751e8b465ee728b)
Start importing Assets/Asset Packs/epyphany/Textures/metal2.png using Guid(41aac45a691945b4eb88b47288369ede) Importer(815301076,1909f56bfc062723c751e8b465ee728b)  -> (artifact id: '8d119cafd4a3ffc9a649235765b0b92b') in 0.047856 seconds
Number of updated asset objects reloaded before import = 0
Number of asset objects unloaded after import = 2
========================================================================
Received Import Request.
  Time since last request: 0.478954 seconds.
  path: Assets/Asset Packs/StarSparrow/Textures/2K_Textures/ModularJet_AlbedoTransparency_Black.png
  artifactKey: Guid(b0ece5fee6c190a4baa06401474eeedd) Importer(815301076,1909f56bfc062723c751e8b465ee728b)
Start importing Assets/Asset Packs/StarSparrow/Textures/2K_Textures/ModularJet_AlbedoTransparency_Black.png using Guid(b0ece5fee6c190a4baa06401474eeedd) Importer(815301076,1909f56bfc062723c751e8b465ee728b)  -> (artifact id: '4be7bffe6962e49a343e6e845bf40cb7') in 0.038477 seconds
Number of updated asset objects reloaded before import = 0
Number of asset objects unloaded after import = 2
========================================================================
Received Import Request.
  Time since last request: 0.063412 seconds.
  path: Assets/Asset Packs/StarSparrow/Textures/2K_Textures/ModularJet_AlbedoTransparency_Green.png
  artifactKey: Guid(cb0d956f7f014074b860fde10e625c83) Importer(815301076,1909f56bfc062723c751e8b465ee728b)
Start importing Assets/Asset Packs/StarSparrow/Textures/2K_Textures/ModularJet_AlbedoTransparency_Green.png using Guid(cb0d956f7f014074b860fde10e625c83) Importer(815301076,1909f56bfc062723c751e8b465ee728b)  -> (artifact id: '3654deb5b66d90ca38d4c2515db9cfe5') in 0.025623 seconds
Number of updated asset objects reloaded before import = 0
Number of asset objects unloaded after import = 2
========================================================================
Received Import Request.
  Time since last request: 0.000251 seconds.
  path: Assets/Asset Packs/StarSparrow/Textures/ModularJet_AlbedoTransparency_Red.png
  artifactKey: Guid(a393e1b475c91cf4f9907242b93defbd) Importer(815301076,1909f56bfc062723c751e8b465ee728b)
Start importing Assets/Asset Packs/StarSparrow/Textures/ModularJet_AlbedoTransparency_Red.png using Guid(a393e1b475c91cf4f9907242b93defbd) Importer(815301076,1909f56bfc062723c751e8b465ee728b)  -> (artifact id: '85ceb3ab9adac6ed81d4ce6da7ee6d89') in 0.041015 seconds
Number of updated asset objects reloaded before import = 0
Number of asset objects unloaded after import = 2
========================================================================
Received Import Request.
  Time since last request: 0.393316 seconds.
  path: Assets/Asset Packs/StarSparrow/Textures/ModularJet_Emission.png
  artifactKey: Guid(b82a0aff88e292a44877cebc8304dec7) Importer(815301076,1909f56bfc062723c751e8b465ee728b)
Start importing Assets/Asset Packs/StarSparrow/Textures/ModularJet_Emission.png using Guid(b82a0aff88e292a44877cebc8304dec7) Importer(815301076,1909f56bfc062723c751e8b465ee728b)  -> (artifact id: '802da67eeae645497426a564e86712e9') in 0.042330 seconds
Number of updated asset objects reloaded before import = 0
Number of asset objects unloaded after import = 2
========================================================================
Received Import Request.
  Time since last request: 0.035749 seconds.
  path: Assets/Asset Packs/StarSparrow/Textures/2K_Textures/ModularJet_MetallicSmoothness.png
  artifactKey: Guid(11fa81dd535f97b469410a96d14ca7b0) Importer(815301076,1909f56bfc062723c751e8b465ee728b)
Start importing Assets/Asset Packs/StarSparrow/Textures/2K_Textures/ModularJet_MetallicSmoothness.png using Guid(11fa81dd535f97b469410a96d14ca7b0) Importer(815301076,1909f56bfc062723c751e8b465ee728b)  -> (artifact id: 'dee7d7c40a31a1f3f947ecf35a6366e4') in 0.037068 seconds
Number of updated asset objects reloaded before import = 0
Number of asset objects unloaded after import = 2
========================================================================
Received Import Request.
  Time since last request: 0.045802 seconds.
  path: Assets/Asset Packs/epyphany/Textures/mud.png
  artifactKey: Guid(07d24be07419d36458b90be65a3bedd8) Importer(815301076,1909f56bfc062723c751e8b465ee728b)
Start importing Assets/Asset Packs/epyphany/Textures/mud.png using Guid(07d24be07419d36458b90be65a3bedd8) Importer(815301076,1909f56bfc062723c751e8b465ee728b)  -> (artifact id: '202e43e476ec26d718a2ba6ffc12c6e0') in 0.026926 seconds
Number of updated asset objects reloaded before import = 0
Number of asset objects unloaded after import = 2
========================================================================
Received Import Request.
  Time since last request: 0.827650 seconds.
  path: Assets/Asset Packs/epyphany/Textures/NoiseNormalS.png
  artifactKey: Guid(f73aeec1471121a4dac4ed9462a0ccd3) Importer(815301076,1909f56bfc062723c751e8b465ee728b)
Start importing Assets/Asset Packs/epyphany/Textures/NoiseNormalS.png using Guid(f73aeec1471121a4dac4ed9462a0ccd3) Importer(815301076,1909f56bfc062723c751e8b465ee728b)  -> (artifact id: 'c3fafd8ac624279353340a5af2e0a66b') in 0.044628 seconds
Number of updated asset objects reloaded before import = 0
Number of asset objects unloaded after import = 2
========================================================================
Received Import Request.
  Time since last request: 0.068983 seconds.
  path: Assets/Particles/Particle Square.png
  artifactKey: Guid(2963cc06c0ffac94c8dc1a0c50c0974d) Importer(815301076,1909f56bfc062723c751e8b465ee728b)
Start importing Assets/Particles/Particle Square.png using Guid(2963cc06c0ffac94c8dc1a0c50c0974d) Importer(815301076,1909f56bfc062723c751e8b465ee728b)  -> (artifact id: 'd0c32e154cc69b23d4ef0c6e3caee19c') in 0.020512 seconds
Number of updated asset objects reloaded before import = 0
Number of asset objects unloaded after import = 2
========================================================================
Received Import Request.
  Time since last request: 11.905195 seconds.
  path: Assets/Asset Packs/SkyBox Volume 2/DeepSpaceBlueWithPlanet/rightImage.png
  artifactKey: Guid(ba628713edc8c9246ae86c79210da921) Importer(815301076,1909f56bfc062723c751e8b465ee728b)
Start importing Assets/Asset Packs/SkyBox Volume 2/DeepSpaceBlueWithPlanet/rightImage.png using Guid(ba628713edc8c9246ae86c79210da921) Importer(815301076,1909f56bfc062723c751e8b465ee728b)  -> (artifact id: 'b8284611a65ec39e1d2b32043e1167e8') in 0.032158 seconds
Number of updated asset objects reloaded before import = 0
Number of asset objects unloaded after import = 2
========================================================================
Received Import Request.
  Time since last request: 123.528875 seconds.
  path: Assets/Asset Packs/SkyBox Volume 2/DeepSpaceGreenWithPlanet/upImage.png
  artifactKey: Guid(82671bcdbbcc6f54c86c3c2c6ed06aa8) Importer(815301076,1909f56bfc062723c751e8b465ee728b)
Start importing Assets/Asset Packs/SkyBox Volume 2/DeepSpaceGreenWithPlanet/upImage.png using Guid(82671bcdbbcc6f54c86c3c2c6ed06aa8) Importer(815301076,1909f56bfc062723c751e8b465ee728b)  -> (artifact id: '7938f169e6826c955976a3f27d644b3e') in 0.034205 seconds
Number of updated asset objects reloaded before import = 0
Number of asset objects unloaded after import = 2
========================================================================
Received Import Request.
  Time since last request: 14.337871 seconds.
  path: Assets/Asset Packs/SkyBox Volume 2/DeepSpaceRed/rightImage.png
  artifactKey: Guid(6ea2e7ab328ea214a97f55c279f4a884) Importer(815301076,1909f56bfc062723c751e8b465ee728b)
Start importing Assets/Asset Packs/SkyBox Volume 2/DeepSpaceRed/rightImage.png using Guid(6ea2e7ab328ea214a97f55c279f4a884) Importer(815301076,1909f56bfc062723c751e8b465ee728b)  -> (artifact id: '609180df58ee818d82d2de192ce9d061') in 0.030741 seconds
Number of updated asset objects reloaded before import = 0
Number of asset objects unloaded after import = 2
========================================================================
Received Import Request.
  Time since last request: 0.000283 seconds.
  path: Assets/Asset Packs/SkyBox Volume 2/DeepSpaceRed/upImage.png
  artifactKey: Guid(640a66a6c0d7e9a43950f36dd7dc9094) Importer(815301076,1909f56bfc062723c751e8b465ee728b)
Start importing Assets/Asset Packs/SkyBox Volume 2/DeepSpaceRed/upImage.png using Guid(640a66a6c0d7e9a43950f36dd7dc9094) Importer(815301076,1909f56bfc062723c751e8b465ee728b)  -> (artifact id: '37a92d23393a1f7f8c76065c57e79bd2') in 0.019695 seconds
Number of updated asset objects reloaded before import = 0
Number of asset objects unloaded after import = 2
========================================================================
Received Prepare
Begin MonoManager ReloadAssembly
- Loaded All Assemblies, in  0.495 seconds
Refreshing native plugins compatible for Editor in 11.73 ms, found 2 plugins.
Native extension for WindowsStandalone target not found
Native extension for WebGL target not found
[Package Manager] Server::EnsureServerProcessIsRunning -- launch failed, reason: Unity was launched with the -noUpm command-line argument
[Package Manager] UpmClient::Send -- Unable to send message (not connected to UPM process).
[Package Manager] Cannot connect to Unity Package Manager local server
Mono: successfully reloaded assembly
- Finished resetting the current domain, in  1.043 seconds
Domain Reload Profiling: 1525ms
	BeginReloadAssembly (145ms)
		ExecutionOrderSort (0ms)
		DisableScriptedObjects (5ms)
		BackupInstance (0ms)
		ReleaseScriptingObjects (0ms)
		CreateAndSetChildDomain (30ms)
	RebuildCommonClasses (28ms)
	RebuildNativeTypeToScriptingClass (10ms)
	initialDomainReloadingComplete (46ms)
	LoadAllAssembliesAndSetupDomain (253ms)
		LoadAssemblies (323ms)
		RebuildTransferFunctionScriptingTraits (0ms)
		AnalyzeDomain (9ms)
			TypeCache.Refresh (4ms)
				TypeCache.ScanAssembly (0ms)
			ScanForSourceGeneratedMonoScriptInfo (0ms)
			ResolveRequiredComponents (3ms)
	FinalizeReload (1043ms)
		ReleaseScriptCaches (0ms)
		RebuildScriptCaches (0ms)
		SetupLoadedEditorAssemblies (598ms)
			LogAssemblyErrors (0ms)
			InitializePlatformSupportModulesInManaged (7ms)
			SetLoadedEditorAssemblies (3ms)
			RefreshPlugins (0ms)
			BeforeProcessingInitializeOnLoad (70ms)
			ProcessInitializeOnLoadAttributes (273ms)
			ProcessInitializeOnLoadMethodAttributes (232ms)
			AfterProcessingInitializeOnLoad (12ms)
			EditorAssembliesLoaded (0ms)
		ExecutionOrderSort2 (0ms)
		AwakeInstancesAfterBackupRestoration (7ms)
Refreshing native plugins compatible for Editor in 11.53 ms, found 2 plugins.
Preloading 0 native plugins for Editor in 0.00 ms.
Unloading 2557 Unused Serialized files (Serialized files now loaded: 0)
Unloading 50 unused Assets / (43.0 KB). Loaded Objects now: 3075.
Memory consumption went from 119.6 MB to 119.6 MB.
Total: 6.005000 ms (FindLiveObjects: 0.212100 ms CreateObjectMapping: 0.131600 ms MarkObjects: 5.599500 ms  DeleteObjects: 0.060900 ms)

Prepare: number of updated asset objects reloaded= 0
AssetImportParameters requested are different than current active one (requested -> active):
  custom:video-decoder-webm-vp8: 9c59270c3fd7afecdb556c50c9e8de78 -> 
  custom:SearchIndexIgnoredProperties: e643bd26f0fe6173181afceb89e7c659 -> 
  custom:container-demuxer-ogg: 62fdf1f143b41e24485cea50d1cbac27 -> 
  custom:AudioImporter_EditorPlatform: d09bf68614088b80899f8185d706f6e7 -> 
  custom:video-decoder-ogg-theora: a1e56fd34408186e4bbccfd4996cb3dc -> 
  custom:framework-win-MediaFoundation: 216162199b28c13a410421893ffa2e32 -> 
  custom:video-encoder-webm-vp8: eb34c28f22e8b96e1ab97ce403110664 -> 
  custom:audio-decoder-ogg-vorbis: bf7c407c2cedff20999df2af8eb42d56 -> 
  custom:CustomObjectIndexerAttribute: 756ad292c208cfabdd7b50bc23989ffe -> 
  custom:container-demuxer-webm: 4f35f7cbe854078d1ac9338744f61a02 -> 
  custom:audio-encoder-webm-vorbis: bf7c407c2cedff20999df2af8eb42d56 -> 
  custom:container-muxer-webm: aa71ff27fc2769a1b78a27578f13a17b -> 
========================================================================
Received Prepare
Begin MonoManager ReloadAssembly
- Loaded All Assemblies, in  0.474 seconds
Refreshing native plugins compatible for Editor in 11.54 ms, found 2 plugins.
Native extension for WindowsStandalone target not found
Native extension for WebGL target not found
[Package Manager] Server::EnsureServerProcessIsRunning -- launch failed, reason: Unity was launched with the -noUpm command-line argument
[Package Manager] UpmClient::Send -- Unable to send message (not connected to UPM process).
[Package Manager] Cannot connect to Unity Package Manager local server
Mono: successfully reloaded assembly
- Finished resetting the current domain, in  0.998 seconds
Domain Reload Profiling: 1466ms
	BeginReloadAssembly (156ms)
		ExecutionOrderSort (0ms)
		DisableScriptedObjects (5ms)
		BackupInstance (0ms)
		ReleaseScriptingObjects (0ms)
		CreateAndSetChildDomain (33ms)
	RebuildCommonClasses (28ms)
	RebuildNativeTypeToScriptingClass (10ms)
	initialDomainReloadingComplete (36ms)
	LoadAllAssembliesAndSetupDomain (236ms)
		LoadAssemblies (313ms)
		RebuildTransferFunctionScriptingTraits (0ms)
		AnalyzeDomain (10ms)
			TypeCache.Refresh (5ms)
				TypeCache.ScanAssembly (0ms)
			ScanForSourceGeneratedMonoScriptInfo (0ms)
			ResolveRequiredComponents (3ms)
	FinalizeReload (998ms)
		ReleaseScriptCaches (0ms)
		RebuildScriptCaches (0ms)
		SetupLoadedEditorAssemblies (576ms)
			LogAssemblyErrors (0ms)
			InitializePlatformSupportModulesInManaged (7ms)
			SetLoadedEditorAssemblies (4ms)
			RefreshPlugins (0ms)
			BeforeProcessingInitializeOnLoad (69ms)
			ProcessInitializeOnLoadAttributes (272ms)
			ProcessInitializeOnLoadMethodAttributes (211ms)
			AfterProcessingInitializeOnLoad (12ms)
			EditorAssembliesLoaded (0ms)
		ExecutionOrderSort2 (0ms)
		AwakeInstancesAfterBackupRestoration (11ms)
Refreshing native plugins compatible for Editor in 15.07 ms, found 2 plugins.
Preloading 0 native plugins for Editor in 0.00 ms.
Unloading 2558 Unused Serialized files (Serialized files now loaded: 0)
Unloading 50 unused Assets / (42.9 KB). Loaded Objects now: 3078.
Memory consumption went from 121.8 MB to 121.8 MB.
Total: 11.712900 ms (FindLiveObjects: 0.871100 ms CreateObjectMapping: 0.854400 ms MarkObjects: 9.887800 ms  DeleteObjects: 0.094600 ms)

Prepare: number of updated asset objects reloaded= 0
AssetImportParameters requested are different than current active one (requested -> active):
  custom:video-decoder-webm-vp8: 9c59270c3fd7afecdb556c50c9e8de78 -> 
  custom:SearchIndexIgnoredProperties: e643bd26f0fe6173181afceb89e7c659 -> 
  custom:container-demuxer-ogg: 62fdf1f143b41e24485cea50d1cbac27 -> 
  custom:AudioImporter_EditorPlatform: d09bf68614088b80899f8185d706f6e7 -> 
  custom:video-decoder-ogg-theora: a1e56fd34408186e4bbccfd4996cb3dc -> 
  custom:framework-win-MediaFoundation: 216162199b28c13a410421893ffa2e32 -> 
  custom:video-encoder-webm-vp8: eb34c28f22e8b96e1ab97ce403110664 -> 
  custom:audio-decoder-ogg-vorbis: bf7c407c2cedff20999df2af8eb42d56 -> 
  custom:CustomObjectIndexerAttribute: 756ad292c208cfabdd7b50bc23989ffe -> 
  custom:container-demuxer-webm: 4f35f7cbe854078d1ac9338744f61a02 -> 
  custom:audio-encoder-webm-vorbis: bf7c407c2cedff20999df2af8eb42d56 -> 
  custom:container-muxer-webm: aa71ff27fc2769a1b78a27578f13a17b -> 
========================================================================
Received Prepare
Begin MonoManager ReloadAssembly
- Loaded All Assemblies, in  0.491 seconds
Refreshing native plugins compatible for Editor in 12.78 ms, found 2 plugins.
Native extension for WindowsStandalone target not found
Native extension for WebGL target not found
[Package Manager] Server::EnsureServerProcessIsRunning -- launch failed, reason: Unity was launched with the -noUpm command-line argument
[Package Manager] UpmClient::Send -- Unable to send message (not connected to UPM process).
[Package Manager] Cannot connect to Unity Package Manager local server
Mono: successfully reloaded assembly
- Finished resetting the current domain, in  1.000 seconds
Domain Reload Profiling: 1483ms
	BeginReloadAssembly (165ms)
		ExecutionOrderSort (0ms)
		DisableScriptedObjects (6ms)
		BackupInstance (0ms)
		ReleaseScriptingObjects (0ms)
		CreateAndSetChildDomain (31ms)
	RebuildCommonClasses (32ms)
	RebuildNativeTypeToScriptingClass (11ms)
	initialDomainReloadingComplete (32ms)
	LoadAllAssembliesAndSetupDomain (244ms)
		LoadAssemblies (329ms)
		RebuildTransferFunctionScriptingTraits (0ms)
		AnalyzeDomain (11ms)
			TypeCache.Refresh (7ms)
				TypeCache.ScanAssembly (0ms)
			ScanForSourceGeneratedMonoScriptInfo (0ms)
			ResolveRequiredComponents (3ms)
	FinalizeReload (1001ms)
		ReleaseScriptCaches (0ms)
		RebuildScriptCaches (0ms)
		SetupLoadedEditorAssemblies (571ms)
			LogAssemblyErrors (0ms)
			InitializePlatformSupportModulesInManaged (7ms)
			SetLoadedEditorAssemblies (3ms)
			RefreshPlugins (0ms)
			BeforeProcessingInitializeOnLoad (67ms)
			ProcessInitializeOnLoadAttributes (257ms)
			ProcessInitializeOnLoadMethodAttributes (222ms)
			AfterProcessingInitializeOnLoad (15ms)
			EditorAssembliesLoaded (1ms)
		ExecutionOrderSort2 (0ms)
		AwakeInstancesAfterBackupRestoration (7ms)
Refreshing native plugins compatible for Editor in 14.67 ms, found 2 plugins.
Preloading 0 native plugins for Editor in 0.00 ms.
Unloading 2558 Unused Serialized files (Serialized files now loaded: 0)
Unloading 50 unused Assets / (43.0 KB). Loaded Objects now: 3081.
Memory consumption went from 123.8 MB to 123.7 MB.
Total: 12.396800 ms (FindLiveObjects: 0.550800 ms CreateObjectMapping: 0.679900 ms MarkObjects: 10.848500 ms  DeleteObjects: 0.314600 ms)

Prepare: number of updated asset objects reloaded= 0
AssetImportParameters requested are different than current active one (requested -> active):
  custom:video-decoder-webm-vp8: 9c59270c3fd7afecdb556c50c9e8de78 -> 
  custom:SearchIndexIgnoredProperties: e643bd26f0fe6173181afceb89e7c659 -> 
  custom:container-demuxer-ogg: 62fdf1f143b41e24485cea50d1cbac27 -> 
  custom:AudioImporter_EditorPlatform: d09bf68614088b80899f8185d706f6e7 -> 
  custom:video-decoder-ogg-theora: a1e56fd34408186e4bbccfd4996cb3dc -> 
  custom:framework-win-MediaFoundation: 216162199b28c13a410421893ffa2e32 -> 
  custom:video-encoder-webm-vp8: eb34c28f22e8b96e1ab97ce403110664 -> 
  custom:audio-decoder-ogg-vorbis: bf7c407c2cedff20999df2af8eb42d56 -> 
  custom:CustomObjectIndexerAttribute: 756ad292c208cfabdd7b50bc23989ffe -> 
  custom:container-demuxer-webm: 4f35f7cbe854078d1ac9338744f61a02 -> 
  custom:audio-encoder-webm-vorbis: bf7c407c2cedff20999df2af8eb42d56 -> 
  custom:container-muxer-webm: aa71ff27fc2769a1b78a27578f13a17b -> 
========================================================================
Received Prepare
Begin MonoManager ReloadAssembly
- Loaded All Assemblies, in  0.481 seconds
Refreshing native plugins compatible for Editor in 10.62 ms, found 2 plugins.
Native extension for WindowsStandalone target not found
Native extension for WebGL target not found
[Package Manager] Server::EnsureServerProcessIsRunning -- launch failed, reason: Unity was launched with the -noUpm command-line argument
[Package Manager] UpmClient::Send -- Unable to send message (not connected to UPM process).
[Package Manager] Cannot connect to Unity Package Manager local server
Mono: successfully reloaded assembly
- Finished resetting the current domain, in  1.036 seconds
Domain Reload Profiling: 1510ms
	BeginReloadAssembly (167ms)
		ExecutionOrderSort (0ms)
		DisableScriptedObjects (6ms)
		BackupInstance (0ms)
		ReleaseScriptingObjects (0ms)
		CreateAndSetChildDomain (34ms)
	RebuildCommonClasses (31ms)
	RebuildNativeTypeToScriptingClass (10ms)
	initialDomainReloadingComplete (34ms)
	LoadAllAssembliesAndSetupDomain (232ms)
		LoadAssemblies (317ms)
		RebuildTransferFunctionScriptingTraits (0ms)
		AnalyzeDomain (9ms)
			TypeCache.Refresh (5ms)
				TypeCache.ScanAssembly (0ms)
			ScanForSourceGeneratedMonoScriptInfo (0ms)
			ResolveRequiredComponents (3ms)
	FinalizeReload (1037ms)
		ReleaseScriptCaches (0ms)
		RebuildScriptCaches (0ms)
		SetupLoadedEditorAssemblies (589ms)
			LogAssemblyErrors (0ms)
			InitializePlatformSupportModulesInManaged (8ms)
			SetLoadedEditorAssemblies (5ms)
			RefreshPlugins (0ms)
			BeforeProcessingInitializeOnLoad (60ms)
			ProcessInitializeOnLoadAttributes (269ms)
			ProcessInitializeOnLoadMethodAttributes (232ms)
			AfterProcessingInitializeOnLoad (14ms)
			EditorAssembliesLoaded (1ms)
		ExecutionOrderSort2 (0ms)
		AwakeInstancesAfterBackupRestoration (11ms)
Refreshing native plugins compatible for Editor in 15.55 ms, found 2 plugins.
Preloading 0 native plugins for Editor in 0.00 ms.
Unloading 2558 Unused Serialized files (Serialized files now loaded: 0)
Unloading 50 unused Assets / (43.0 KB). Loaded Objects now: 3084.
Memory consumption went from 125.7 MB to 125.6 MB.
Total: 12.059100 ms (FindLiveObjects: 0.522700 ms CreateObjectMapping: 0.812400 ms MarkObjects: 10.598200 ms  DeleteObjects: 0.121600 ms)

Prepare: number of updated asset objects reloaded= 0
AssetImportParameters requested are different than current active one (requested -> active):
  custom:video-decoder-webm-vp8: 9c59270c3fd7afecdb556c50c9e8de78 -> 
  custom:SearchIndexIgnoredProperties: e643bd26f0fe6173181afceb89e7c659 -> 
  custom:container-demuxer-ogg: 62fdf1f143b41e24485cea50d1cbac27 -> 
  custom:AudioImporter_EditorPlatform: d09bf68614088b80899f8185d706f6e7 -> 
  custom:video-decoder-ogg-theora: a1e56fd34408186e4bbccfd4996cb3dc -> 
  custom:framework-win-MediaFoundation: 216162199b28c13a410421893ffa2e32 -> 
  custom:video-encoder-webm-vp8: eb34c28f22e8b96e1ab97ce403110664 -> 
  custom:audio-decoder-ogg-vorbis: bf7c407c2cedff20999df2af8eb42d56 -> 
  custom:CustomObjectIndexerAttribute: 756ad292c208cfabdd7b50bc23989ffe -> 
  custom:container-demuxer-webm: 4f35f7cbe854078d1ac9338744f61a02 -> 
  custom:audio-encoder-webm-vorbis: bf7c407c2cedff20999df2af8eb42d56 -> 
  custom:container-muxer-webm: aa71ff27fc2769a1b78a27578f13a17b -> 
========================================================================
Received Prepare
Begin MonoManager ReloadAssembly
- Loaded All Assemblies, in  0.480 seconds
Refreshing native plugins compatible for Editor in 12.39 ms, found 2 plugins.
Native extension for WindowsStandalone target not found
Native extension for WebGL target not found
[Package Manager] Server::EnsureServerProcessIsRunning -- launch failed, reason: Unity was launched with the -noUpm command-line argument
[Package Manager] UpmClient::Send -- Unable to send message (not connected to UPM process).
[Package Manager] Cannot connect to Unity Package Manager local server
Mono: successfully reloaded assembly
- Finished resetting the current domain, in  1.117 seconds
Domain Reload Profiling: 1589ms
	BeginReloadAssembly (147ms)
		ExecutionOrderSort (0ms)
		DisableScriptedObjects (5ms)
		BackupInstance (0ms)
		ReleaseScriptingObjects (0ms)
		CreateAndSetChildDomain (29ms)
	RebuildCommonClasses (31ms)
	RebuildNativeTypeToScriptingClass (11ms)
	initialDomainReloadingComplete (47ms)
	LoadAllAssembliesAndSetupDomain (235ms)
		LoadAssemblies (307ms)
		RebuildTransferFunctionScriptingTraits (0ms)
		AnalyzeDomain (10ms)
			TypeCache.Refresh (5ms)
				TypeCache.ScanAssembly (0ms)
			ScanForSourceGeneratedMonoScriptInfo (0ms)
			ResolveRequiredComponents (4ms)
	FinalizeReload (1118ms)
		ReleaseScriptCaches (0ms)
		RebuildScriptCaches (0ms)
		SetupLoadedEditorAssemblies (681ms)
			LogAssemblyErrors (0ms)
			InitializePlatformSupportModulesInManaged (7ms)
			SetLoadedEditorAssemblies (3ms)
			RefreshPlugins (0ms)
			BeforeProcessingInitializeOnLoad (65ms)
			ProcessInitializeOnLoadAttributes (306ms)
			ProcessInitializeOnLoadMethodAttributes (278ms)
			AfterProcessingInitializeOnLoad (21ms)
			EditorAssembliesLoaded (0ms)
		ExecutionOrderSort2 (0ms)
		AwakeInstancesAfterBackupRestoration (14ms)
Refreshing native plugins compatible for Editor in 13.99 ms, found 2 plugins.
Preloading 0 native plugins for Editor in 0.00 ms.
Unloading 2558 Unused Serialized files (Serialized files now loaded: 0)
Unloading 50 unused Assets / (42.9 KB). Loaded Objects now: 3087.
Memory consumption went from 127.6 MB to 127.6 MB.
Total: 11.365200 ms (FindLiveObjects: 0.416200 ms CreateObjectMapping: 0.303200 ms MarkObjects: 10.547400 ms  DeleteObjects: 0.096900 ms)

Prepare: number of updated asset objects reloaded= 0
AssetImportParameters requested are different than current active one (requested -> active):
  custom:video-decoder-webm-vp8: 9c59270c3fd7afecdb556c50c9e8de78 -> 
  custom:SearchIndexIgnoredProperties: e643bd26f0fe6173181afceb89e7c659 -> 
  custom:container-demuxer-ogg: 62fdf1f143b41e24485cea50d1cbac27 -> 
  custom:AudioImporter_EditorPlatform: d09bf68614088b80899f8185d706f6e7 -> 
  custom:video-decoder-ogg-theora: a1e56fd34408186e4bbccfd4996cb3dc -> 
  custom:framework-win-MediaFoundation: 216162199b28c13a410421893ffa2e32 -> 
  custom:video-encoder-webm-vp8: eb34c28f22e8b96e1ab97ce403110664 -> 
  custom:audio-decoder-ogg-vorbis: bf7c407c2cedff20999df2af8eb42d56 -> 
  custom:CustomObjectIndexerAttribute: 756ad292c208cfabdd7b50bc23989ffe -> 
  custom:container-demuxer-webm: 4f35f7cbe854078d1ac9338744f61a02 -> 
  custom:audio-encoder-webm-vorbis: bf7c407c2cedff20999df2af8eb42d56 -> 
  custom:container-muxer-webm: aa71ff27fc2769a1b78a27578f13a17b -> 
========================================================================
Received Import Request.
  Time since last request: 280.201245 seconds.
  path: Assets/Asset Packs/epyphany/Textures/plasterNorm.png
  artifactKey: Guid(b9a9661b71d178149a9116ab4768bd4f) Importer(815301076,1909f56bfc062723c751e8b465ee728b)
Start importing Assets/Asset Packs/epyphany/Textures/plasterNorm.png using Guid(b9a9661b71d178149a9116ab4768bd4f) Importer(815301076,1909f56bfc062723c751e8b465ee728b)  -> (artifact id: '9d32d7268bdbed90d43db05142d5f829') in 0.047615 seconds
Number of updated asset objects reloaded before import = 0
Number of asset objects unloaded after import = 2
========================================================================
Received Import Request.
  Time since last request: 0.277440 seconds.
  path: Assets/Asset Packs/epyphany/Textures/rock1.png
  artifactKey: Guid(c01c4f61572ab2f4b85ef4a485263db6) Importer(815301076,1909f56bfc062723c751e8b465ee728b)
Start importing Assets/Asset Packs/epyphany/Textures/rock1.png using Guid(c01c4f61572ab2f4b85ef4a485263db6) Importer(815301076,1909f56bfc062723c751e8b465ee728b)  -> (artifact id: 'cc17f0163d077f428a48931fd3b1b111') in 0.025225 seconds
Number of updated asset objects reloaded before import = 0
Number of asset objects unloaded after import = 2
========================================================================
Received Import Request.
  Time since last request: 0.000471 seconds.
  path: Assets/Asset Packs/epyphany/Textures/rock3.png
  artifactKey: Guid(1b76e32dda8bd13439851ef1d40e0746) Importer(815301076,1909f56bfc062723c751e8b465ee728b)
Start importing Assets/Asset Packs/epyphany/Textures/rock3.png using Guid(1b76e32dda8bd13439851ef1d40e0746) Importer(815301076,1909f56bfc062723c751e8b465ee728b)  -> (artifact id: '98f5c01f91abf808f3c00d5f0fd3d748') in 0.040675 seconds
Number of updated asset objects reloaded before import = 0
Number of asset objects unloaded after import = 2
========================================================================
Received Import Request.
  Time since last request: 0.000220 seconds.
  path: Assets/Asset Packs/epyphany/Textures/plasterNorm2.png
  artifactKey: Guid(0e37ec98d90c1e74197690b5be84e881) Importer(815301076,1909f56bfc062723c751e8b465ee728b)
Start importing Assets/Asset Packs/epyphany/Textures/plasterNorm2.png using Guid(0e37ec98d90c1e74197690b5be84e881) Importer(815301076,1909f56bfc062723c751e8b465ee728b)  -> (artifact id: '0b23ac255736fff552a742dc235ff31f') in 0.041606 seconds
Number of updated asset objects reloaded before import = 0
Number of asset objects unloaded after import = 2
========================================================================
Received Import Request.
  Time since last request: 0.000298 seconds.
  path: Assets/Asset Packs/epyphany/Textures/rock3AO.png
  artifactKey: Guid(121285e3ff0d6b1419eb8825926703bb) Importer(815301076,1909f56bfc062723c751e8b465ee728b)
Start importing Assets/Asset Packs/epyphany/Textures/rock3AO.png using Guid(121285e3ff0d6b1419eb8825926703bb) Importer(815301076,1909f56bfc062723c751e8b465ee728b)  -> (artifact id: 'bada3bea4ad783b75c7554367736d7a8') in 0.034507 seconds
Number of updated asset objects reloaded before import = 0
Number of asset objects unloaded after import = 2
========================================================================
Received Import Request.
  Time since last request: 0.590230 seconds.
  path: Assets/Asset Packs/epyphany/Textures/rock4norm.png
  artifactKey: Guid(4923e2bbb711c0a40904d904af3dfea5) Importer(815301076,1909f56bfc062723c751e8b465ee728b)
Start importing Assets/Asset Packs/epyphany/Textures/rock4norm.png using Guid(4923e2bbb711c0a40904d904af3dfea5) Importer(815301076,1909f56bfc062723c751e8b465ee728b)  -> (artifact id: 'b4061ed9a63804f30faf4f0378265d7d') in 0.033713 seconds
Number of updated asset objects reloaded before import = 0
Number of asset objects unloaded after import = 2
========================================================================
Received Import Request.
  Time since last request: 0.000037 seconds.
  path: Assets/Asset Packs/epyphany/Textures/sandNorm3b.png
  artifactKey: Guid(8514916e4dad5f74ea90e1331ca3f5ec) Importer(815301076,1909f56bfc062723c751e8b465ee728b)
Start importing Assets/Asset Packs/epyphany/Textures/sandNorm3b.png using Guid(8514916e4dad5f74ea90e1331ca3f5ec) Importer(815301076,1909f56bfc062723c751e8b465ee728b)  -> (artifact id: 'ba680d9098f16a66ed9082ac6940b362') in 0.064666 seconds
Number of updated asset objects reloaded before import = 0
Number of asset objects unloaded after import = 2
========================================================================
Received Import Request.
  Time since last request: 0.000039 seconds.
  path: Assets/Asset Packs/epyphany/Textures/woodMushroomEmi.png
  artifactKey: Guid(55ede08bb25654f43ac0322bbcb6f607) Importer(815301076,1909f56bfc062723c751e8b465ee728b)
Start importing Assets/Asset Packs/epyphany/Textures/woodMushroomEmi.png using Guid(55ede08bb25654f43ac0322bbcb6f607) Importer(815301076,1909f56bfc062723c751e8b465ee728b)  -> (artifact id: '6616ff7b85a2a5bb92afa24e39a243af') in 0.044864 seconds
Number of updated asset objects reloaded before import = 0
Number of asset objects unloaded after import = 2
========================================================================
Received Import Request.
  Time since last request: 0.000148 seconds.
  path: Assets/Asset Packs/epyphany/Textures/silexHeightMap.png
  artifactKey: Guid(b2ea984ed73182b429d772845cc7fb8a) Importer(815301076,1909f56bfc062723c751e8b465ee728b)
Start importing Assets/Asset Packs/epyphany/Textures/silexHeightMap.png using Guid(b2ea984ed73182b429d772845cc7fb8a) Importer(815301076,1909f56bfc062723c751e8b465ee728b)  -> (artifact id: 'f18e1a50b6c204c2b22b740951bebdcb') in 0.035082 seconds
Number of updated asset objects reloaded before import = 0
Number of asset objects unloaded after import = 2
========================================================================
Received Import Request.
  Time since last request: 0.000072 seconds.
  path: Assets/Asset Packs/epyphany/Textures/sandNorm3.png
  artifactKey: Guid(afaf6bcf9986805439fb2e6d30203886) Importer(815301076,1909f56bfc062723c751e8b465ee728b)
Start importing Assets/Asset Packs/epyphany/Textures/sandNorm3.png using Guid(afaf6bcf9986805439fb2e6d30203886) Importer(815301076,1909f56bfc062723c751e8b465ee728b)  -> (artifact id: '682b10f5a5443b6917f59f5b2250b899') in 0.041528 seconds
Number of updated asset objects reloaded before import = 0
Number of asset objects unloaded after import = 2
========================================================================
Received Import Request.
  Time since last request: 0.000185 seconds.
  path: Assets/Asset Packs/epyphany/Textures/ZalienSkin.png
  artifactKey: Guid(55f73799dbf7a3146a506b78f96df89a) Importer(815301076,1909f56bfc062723c751e8b465ee728b)
Start importing Assets/Asset Packs/epyphany/Textures/ZalienSkin.png using Guid(55f73799dbf7a3146a506b78f96df89a) Importer(815301076,1909f56bfc062723c751e8b465ee728b)  -> (artifact id: '463e0322df79586d7527cf880135bd3d') in 0.030777 seconds
Number of updated asset objects reloaded before import = 0
Number of asset objects unloaded after import = 2
========================================================================
Received Import Request.
  Time since last request: 5.180022 seconds.
  path: Assets/Asset Packs/SkyBox Volume 2/Stars01/StarSkyBox.mat
  artifactKey: Guid(b9be0c15efe8ad9489fdeead114d8ec5) Importer(815301076,1909f56bfc062723c751e8b465ee728b)
Start importing Assets/Asset Packs/SkyBox Volume 2/Stars01/StarSkyBox.mat using Guid(b9be0c15efe8ad9489fdeead114d8ec5) Importer(815301076,1909f56bfc062723c751e8b465ee728b)  -> (artifact id: 'bad3702898f902c3c608149471e6766c') in 0.057535 seconds
Number of updated asset objects reloaded before import = 0
Number of asset objects unloaded after import = 7
========================================================================
Received Prepare
Begin MonoManager ReloadAssembly
- Loaded All Assemblies, in  0.521 seconds
Refreshing native plugins compatible for Editor in 14.80 ms, found 2 plugins.
Native extension for WindowsStandalone target not found
Native extension for WebGL target not found
[Package Manager] Server::EnsureServerProcessIsRunning -- launch failed, reason: Unity was launched with the -noUpm command-line argument
[Package Manager] UpmClient::Send -- Unable to send message (not connected to UPM process).
[Package Manager] Cannot connect to Unity Package Manager local server
Mono: successfully reloaded assembly
- Finished resetting the current domain, in  1.244 seconds
Domain Reload Profiling: 1755ms
	BeginReloadAssembly (160ms)
		ExecutionOrderSort (0ms)
		DisableScriptedObjects (6ms)
		BackupInstance (0ms)
		ReleaseScriptingObjects (0ms)
		CreateAndSetChildDomain (35ms)
	RebuildCommonClasses (32ms)
	RebuildNativeTypeToScriptingClass (11ms)
	initialDomainReloadingComplete (35ms)
	LoadAllAssembliesAndSetupDomain (273ms)
		LoadAssemblies (348ms)
		RebuildTransferFunctionScriptingTraits (0ms)
		AnalyzeDomain (10ms)
			TypeCache.Refresh (6ms)
				TypeCache.ScanAssembly (0ms)
			ScanForSourceGeneratedMonoScriptInfo (0ms)
			ResolveRequiredComponents (4ms)
	FinalizeReload (1245ms)
		ReleaseScriptCaches (0ms)
		RebuildScriptCaches (0ms)
		SetupLoadedEditorAssemblies (760ms)
			LogAssemblyErrors (0ms)
			InitializePlatformSupportModulesInManaged (7ms)
			SetLoadedEditorAssemblies (4ms)
			RefreshPlugins (0ms)
			BeforeProcessingInitializeOnLoad (67ms)
			ProcessInitializeOnLoadAttributes (345ms)
			ProcessInitializeOnLoadMethodAttributes (320ms)
			AfterProcessingInitializeOnLoad (16ms)
			EditorAssembliesLoaded (1ms)
		ExecutionOrderSort2 (0ms)
		AwakeInstancesAfterBackupRestoration (18ms)
Refreshing native plugins compatible for Editor in 16.69 ms, found 2 plugins.
Preloading 0 native plugins for Editor in 0.00 ms.
Unloading 2557 Unused Serialized files (Serialized files now loaded: 0)
Unloading 50 unused Assets / (43.0 KB). Loaded Objects now: 3090.
Memory consumption went from 129.7 MB to 129.6 MB.
Total: 14.839000 ms (FindLiveObjects: 0.640600 ms CreateObjectMapping: 0.773800 ms MarkObjects: 13.180400 ms  DeleteObjects: 0.241900 ms)

Prepare: number of updated asset objects reloaded= 0
AssetImportParameters requested are different than current active one (requested -> active):
  custom:video-decoder-webm-vp8: 9c59270c3fd7afecdb556c50c9e8de78 -> 
  custom:SearchIndexIgnoredProperties: e643bd26f0fe6173181afceb89e7c659 -> 
  custom:container-demuxer-ogg: 62fdf1f143b41e24485cea50d1cbac27 -> 
  custom:AudioImporter_EditorPlatform: d09bf68614088b80899f8185d706f6e7 -> 
  custom:video-decoder-ogg-theora: a1e56fd34408186e4bbccfd4996cb3dc -> 
  custom:framework-win-MediaFoundation: 216162199b28c13a410421893ffa2e32 -> 
  custom:video-encoder-webm-vp8: eb34c28f22e8b96e1ab97ce403110664 -> 
  custom:audio-decoder-ogg-vorbis: bf7c407c2cedff20999df2af8eb42d56 -> 
  custom:CustomObjectIndexerAttribute: 756ad292c208cfabdd7b50bc23989ffe -> 
  custom:container-demuxer-webm: 4f35f7cbe854078d1ac9338744f61a02 -> 
  custom:audio-encoder-webm-vorbis: bf7c407c2cedff20999df2af8eb42d56 -> 
  custom:container-muxer-webm: aa71ff27fc2769a1b78a27578f13a17b -> 
========================================================================
Received Import Request.
  Time since last request: 53.635171 seconds.
  path: Assets/Asset Packs/epyphany/Materials/alienSkin.mat
  artifactKey: Guid(390bc18f57aaaff4c97c576466a05648) Importer(815301076,1909f56bfc062723c751e8b465ee728b)
Start importing Assets/Asset Packs/epyphany/Materials/alienSkin.mat using Guid(390bc18f57aaaff4c97c576466a05648) Importer(815301076,1909f56bfc062723c751e8b465ee728b)  -> (artifact id: '5439ca5385ba3f599538762d23ee457f') in 0.103413 seconds
Number of updated asset objects reloaded before import = 0
Number of asset objects unloaded after import = 5
========================================================================
Received Import Request.
  Time since last request: 0.000021 seconds.
  path: Assets/Asset Packs/epyphany/Materials/rock2.mat
  artifactKey: Guid(1c6706c72078d694bac9e06079fa7b16) Importer(815301076,1909f56bfc062723c751e8b465ee728b)
Start importing Assets/Asset Packs/epyphany/Materials/rock2.mat using Guid(1c6706c72078d694bac9e06079fa7b16) Importer(815301076,1909f56bfc062723c751e8b465ee728b)  -> (artifact id: 'cc17786b2106134971e529a023f90806') in 0.211806 seconds
Number of updated asset objects reloaded before import = 0
Number of asset objects unloaded after import = 4
========================================================================
Received Import Request.
  Time since last request: 0.000018 seconds.
  path: Assets/Asset Packs/epyphany/Materials/menhir.mat
  artifactKey: Guid(547cc8f3053e8d84d83549aa5e84fcd0) Importer(815301076,1909f56bfc062723c751e8b465ee728b)
Start importing Assets/Asset Packs/epyphany/Materials/menhir.mat using Guid(547cc8f3053e8d84d83549aa5e84fcd0) Importer(815301076,1909f56bfc062723c751e8b465ee728b)  -> (artifact id: '298e7af6cf0dfb12bef1ccd7d41466cb') in 0.051522 seconds
Number of updated asset objects reloaded before import = 0
Number of asset objects unloaded after import = 5
========================================================================
Received Import Request.
  Time since last request: 0.000025 seconds.
  path: Assets/Asset Packs/epyphany/Materials/bark2.mat
  artifactKey: Guid(f45385a523353264c882f5dddfaad6a2) Importer(815301076,1909f56bfc062723c751e8b465ee728b)
Start importing Assets/Asset Packs/epyphany/Materials/bark2.mat using Guid(f45385a523353264c882f5dddfaad6a2) Importer(815301076,1909f56bfc062723c751e8b465ee728b)  -> (artifact id: '696d4bc15010b55b4df1c41f915ea84c') in 0.050616 seconds
Number of updated asset objects reloaded before import = 0
Number of asset objects unloaded after import = 5
========================================================================
Received Import Request.
  Time since last request: 0.000086 seconds.
  path: Assets/Asset Packs/epyphany/Materials/glass.mat
  artifactKey: Guid(4eb660b67ea55e241aa41a8027e649e1) Importer(815301076,1909f56bfc062723c751e8b465ee728b)
Start importing Assets/Asset Packs/epyphany/Materials/glass.mat using Guid(4eb660b67ea55e241aa41a8027e649e1) Importer(815301076,1909f56bfc062723c751e8b465ee728b)  -> (artifact id: '9a14b01328eed23e716991c6bf3d5c87') in 0.616219 seconds
Number of updated asset objects reloaded before import = 0
Number of asset objects unloaded after import = 5
========================================================================
Received Import Request.
  Time since last request: 0.000034 seconds.
  path: Assets/Asset Packs/epyphany/Materials/bark.mat
  artifactKey: Guid(e7cf47b6c40740949bf2159be47f090d) Importer(815301076,1909f56bfc062723c751e8b465ee728b)
Start importing Assets/Asset Packs/epyphany/Materials/bark.mat using Guid(e7cf47b6c40740949bf2159be47f090d) Importer(815301076,1909f56bfc062723c751e8b465ee728b)  -> (artifact id: 'e9053c3f0dad5f2976ea3d580bf589d5') in 0.053131 seconds
Number of updated asset objects reloaded before import = 0
Number of asset objects unloaded after import = 5
========================================================================
Received Import Request.
  Time since last request: 0.000028 seconds.
  path: Assets/Asset Packs/epyphany/Materials/mud.mat
  artifactKey: Guid(2d7aa0a9784a8834c896d941fadc3447) Importer(815301076,1909f56bfc062723c751e8b465ee728b)
Start importing Assets/Asset Packs/epyphany/Materials/mud.mat using Guid(2d7aa0a9784a8834c896d941fadc3447) Importer(815301076,1909f56bfc062723c751e8b465ee728b)  -> (artifact id: '7addb7b1c115a104bd5370968bfe5e26') in 0.042404 seconds
Number of updated asset objects reloaded before import = 0
Number of asset objects unloaded after import = 3
========================================================================
Received Import Request.
  Time since last request: 0.000022 seconds.
  path: Assets/Asset Packs/epyphany/Materials/crystal.mat
  artifactKey: Guid(a3ed46aaaf6cda34da961c73f17747ad) Importer(815301076,1909f56bfc062723c751e8b465ee728b)
Start importing Assets/Asset Packs/epyphany/Materials/crystal.mat using Guid(a3ed46aaaf6cda34da961c73f17747ad) Importer(815301076,1909f56bfc062723c751e8b465ee728b)  -> (artifact id: '2ae25a8f3f5b43a07a2b9544e9300bf8') in 0.273433 seconds
Number of updated asset objects reloaded before import = 0
Number of asset objects unloaded after import = 5
========================================================================
Received Import Request.
  Time since last request: 0.000025 seconds.
  path: Assets/Asset Packs/epyphany/Materials/rock1.mat
  artifactKey: Guid(054423b464cdc704181271b5cdd4f9b5) Importer(815301076,1909f56bfc062723c751e8b465ee728b)
Start importing Assets/Asset Packs/epyphany/Materials/rock1.mat using Guid(054423b464cdc704181271b5cdd4f9b5) Importer(815301076,1909f56bfc062723c751e8b465ee728b)  -> (artifact id: 'b9afb2f4d38ff1bb8bc26762de481975') in 0.080403 seconds
Number of updated asset objects reloaded before import = 0
Number of asset objects unloaded after import = 5
========================================================================
Received Import Request.
  Time since last request: 196.871541 seconds.
  path: Assets/Particles/Particle Round Solid.mat
  artifactKey: Guid(b57a7da994ad2dd4a8d6cd38f3959d42) Importer(815301076,1909f56bfc062723c751e8b465ee728b)
Start importing Assets/Particles/Particle Round Solid.mat using Guid(b57a7da994ad2dd4a8d6cd38f3959d42) Importer(815301076,1909f56bfc062723c751e8b465ee728b)  -> (artifact id: 'd1b7dd3ebdd1f3aa84ffe766ba490ddf') in 0.043769 seconds
Number of updated asset objects reloaded before import = 0
Number of asset objects unloaded after import = 2
========================================================================
Received Import Request.
  Time since last request: 1.929809 seconds.
  path: Assets/Audio/gojot.mp3
  artifactKey: Guid(4043e7b198e3f99439b0be9b419d3b70) Importer(815301076,1909f56bfc062723c751e8b465ee728b)
Start importing Assets/Audio/gojot.mp3 using Guid(4043e7b198e3f99439b0be9b419d3b70) Importer(815301076,1909f56bfc062723c751e8b465ee728b)  -> (artifact id: 'f1dd1923d86642403352d7177c705124') in 0.023659 seconds
Number of updated asset objects reloaded before import = 0
Number of asset objects unloaded after import = 2
========================================================================
Received Import Request.
  Time since last request: 0.299251 seconds.
  path: Assets/Audio/myers.mp3
  artifactKey: Guid(6aea251573b560047acc2d99649e188d) Importer(815301076,1909f56bfc062723c751e8b465ee728b)
Start importing Assets/Audio/myers.mp3 using Guid(6aea251573b560047acc2d99649e188d) Importer(815301076,1909f56bfc062723c751e8b465ee728b)  -> (artifact id: '86ddbca0a6f527817894a71a73f21ab2') in 0.009417 seconds
Number of updated asset objects reloaded before import = 0
Number of asset objects unloaded after import = 2
========================================================================
Received Import Request.
  Time since last request: 0.000307 seconds.
  path: Assets/Audio/VO_Get To The Mines.ogg
  artifactKey: Guid(7bddd78ce3ced3a4e94c1c2009b8980f) Importer(815301076,1909f56bfc062723c751e8b465ee728b)
Start importing Assets/Audio/VO_Get To The Mines.ogg using Guid(7bddd78ce3ced3a4e94c1c2009b8980f) Importer(815301076,1909f56bfc062723c751e8b465ee728b)  -> (artifact id: '6138b32ec2801a19bc37a71bf819f937') in 0.014446 seconds
Number of updated asset objects reloaded before import = 0
Number of asset objects unloaded after import = 2
========================================================================
Received Import Request.
  Time since last request: 0.000033 seconds.
  path: Assets/Audio/VO_Incoming Sector 5.ogg
  artifactKey: Guid(92c93036cc908624a9166907f538c6e8) Importer(815301076,1909f56bfc062723c751e8b465ee728b)
Start importing Assets/Audio/VO_Incoming Sector 5.ogg using Guid(92c93036cc908624a9166907f538c6e8) Importer(815301076,1909f56bfc062723c751e8b465ee728b)  -> (artifact id: '69b3e67611ad62425d96b6954608d187') in 0.024088 seconds
Number of updated asset objects reloaded before import = 0
Number of asset objects unloaded after import = 2
========================================================================
Received Import Request.
  Time since last request: 0.000302 seconds.
  path: Assets/Audio/VO_Hitting Shield Generators.ogg
  artifactKey: Guid(b2ac0c28b912f964c9894b04523a0dff) Importer(815301076,1909f56bfc062723c751e8b465ee728b)
Start importing Assets/Audio/VO_Hitting Shield Generators.ogg using Guid(b2ac0c28b912f964c9894b04523a0dff) Importer(815301076,1909f56bfc062723c751e8b465ee728b)  -> (artifact id: 'dfa11a133bc83f3d05a4466becf64b6f') in 0.041933 seconds
Number of updated asset objects reloaded before import = 0
Number of asset objects unloaded after import = 2
========================================================================
Received Import Request.
  Time since last request: 0.000022 seconds.
  path: Assets/Audio/Soka Monaa!!  Jujutsu Kaisen Episode 4.mp3
  artifactKey: Guid(253879d66e57492448a3b27353b5009c) Importer(815301076,1909f56bfc062723c751e8b465ee728b)
Start importing Assets/Audio/Soka Monaa!!  Jujutsu Kaisen Episode 4.mp3 using Guid(253879d66e57492448a3b27353b5009c) Importer(815301076,1909f56bfc062723c751e8b465ee728b)  -> (artifact id: '6d8880bf300527a76c7f31c4bddfb8a6') in 0.034672 seconds
Number of updated asset objects reloaded before import = 0
Number of asset objects unloaded after import = 2
========================================================================
Received Import Request.
  Time since last request: 0.000068 seconds.
  path: Assets/Audio/VO_Holy Mother.ogg
  artifactKey: Guid(e43f7e31c28fa9a4094bb7f07af0a426) Importer(815301076,1909f56bfc062723c751e8b465ee728b)
Start importing Assets/Audio/VO_Holy Mother.ogg using Guid(e43f7e31c28fa9a4094bb7f07af0a426) Importer(815301076,1909f56bfc062723c751e8b465ee728b)  -> (artifact id: '4d705e7c4bc5434e15ea9b556d61ad6d') in 0.035291 seconds
Number of updated asset objects reloaded before import = 0
Number of asset objects unloaded after import = 2
========================================================================
Received Import Request.
  Time since last request: 0.000021 seconds.
  path: Assets/Audio/Voicy_Gojo Shibuya .mp3
  artifactKey: Guid(6eb4dd10f6df79a4f9be7e4ad6546675) Importer(815301076,1909f56bfc062723c751e8b465ee728b)
Start importing Assets/Audio/Voicy_Gojo Shibuya .mp3 using Guid(6eb4dd10f6df79a4f9be7e4ad6546675) Importer(815301076,1909f56bfc062723c751e8b465ee728b)  -> (artifact id: '4cc23e36f7b47dda10c72ebde5c8c3f3') in 0.026277 seconds
Number of updated asset objects reloaded before import = 0
Number of asset objects unloaded after import = 2
========================================================================
Received Import Request.
  Time since last request: 0.000134 seconds.
  path: Assets/Audio/Voicy_Gojo Domain Expansion.mp3
  artifactKey: Guid(21230cca2f1fee94a9125fc3c80439f9) Importer(815301076,1909f56bfc062723c751e8b465ee728b)
Start importing Assets/Audio/Voicy_Gojo Domain Expansion.mp3 using Guid(21230cca2f1fee94a9125fc3c80439f9) Importer(815301076,1909f56bfc062723c751e8b465ee728b)  -> (artifact id: '926ad5f098a37bc8b3ba2796aab05696') in 0.027787 seconds
Number of updated asset objects reloaded before import = 0
Number of asset objects unloaded after import = 2
========================================================================
Received Import Request.
  Time since last request: 0.000287 seconds.
  path: Assets/Audio/VO_Theyre Everywhere.ogg
  artifactKey: Guid(d84605f3ad038114fbea3a32d697e197) Importer(815301076,1909f56bfc062723c751e8b465ee728b)
Start importing Assets/Audio/VO_Theyre Everywhere.ogg using Guid(d84605f3ad038114fbea3a32d697e197) Importer(815301076,1909f56bfc062723c751e8b465ee728b)  -> (artifact id: '9d25c0c2332b49360d817a1ff1826711') in 0.027041 seconds
Number of updated asset objects reloaded before import = 0
Number of asset objects unloaded after import = 2
========================================================================
Received Import Request.
  Time since last request: 0.000020 seconds.
  path: Assets/Audio/VO_Worst Of It.ogg
  artifactKey: Guid(3aa37b2aa4829c24d8531e700d6806e4) Importer(815301076,1909f56bfc062723c751e8b465ee728b)
Start importing Assets/Audio/VO_Worst Of It.ogg using Guid(3aa37b2aa4829c24d8531e700d6806e4) Importer(815301076,1909f56bfc062723c751e8b465ee728b)  -> (artifact id: '5fe0a614719e34b769118f7ad48d44e1') in 0.025273 seconds
Number of updated asset objects reloaded before import = 0
Number of asset objects unloaded after import = 2
========================================================================
Received Import Request.
  Time since last request: 0.000033 seconds.
  path: Assets/Audio/VO_You Did It.ogg
  artifactKey: Guid(37217c9df31596c4a80d68d66deb9f40) Importer(815301076,1909f56bfc062723c751e8b465ee728b)
Start importing Assets/Audio/VO_You Did It.ogg using Guid(37217c9df31596c4a80d68d66deb9f40) Importer(815301076,1909f56bfc062723c751e8b465ee728b)  -> (artifact id: '1a82d3f863e20e83ff604ffa99382e41') in 0.024093 seconds
Number of updated asset objects reloaded before import = 0
Number of asset objects unloaded after import = 2
========================================================================
Received Import Request.
  Time since last request: 0.000023 seconds.
  path: Assets/Audio/SFX_Explosion_Simple.ogg
  artifactKey: Guid(173eccdba54ad384385c101f5266dce5) Importer(815301076,1909f56bfc062723c751e8b465ee728b)
Start importing Assets/Audio/SFX_Explosion_Simple.ogg using Guid(173eccdba54ad384385c101f5266dce5) Importer(815301076,1909f56bfc062723c751e8b465ee728b)  -> (artifact id: '38ce0dd079b090883fe955d3c0a92033') in 0.023477 seconds
Number of updated asset objects reloaded before import = 0
Number of asset objects unloaded after import = 2
========================================================================
Received Import Request.
  Time since last request: 0.000055 seconds.
  path: Assets/Audio/VO_Under Attack.ogg
  artifactKey: Guid(85458bd10e943044db26a2925ddbd25d) Importer(815301076,1909f56bfc062723c751e8b465ee728b)
Start importing Assets/Audio/VO_Under Attack.ogg using Guid(85458bd10e943044db26a2925ddbd25d) Importer(815301076,1909f56bfc062723c751e8b465ee728b)  -> (artifact id: 'fc3c58aff00a642f34c651288211d669') in 0.027348 seconds
Number of updated asset objects reloaded before import = 0
Number of asset objects unloaded after import = 2
Editor requested this worker to shutdown with reason: Scaling down because of idle timeout
TcpMessagingSession - receive error: operation aborted. errorcode: 995, details: The I/O operation has been aborted because of either a thread exit or an application request.
AssetImportWorker is now disconnected from the server
Process exiting
Exiting without the bug reporter. Application will terminate with return code 0